ERROR - 2013-11-03T02:04:03-08:00 - exception 'ErrorException' with message 'Object of class stdClass could not be converted to string' in /media/shared/projects/Cartesius/web/cartesius/public_html/index.php:244
Stack trace:
#0 /media/shared/projects/Cartesius/web/cartesius/public_html/index.php(244): Slim\Slim::handleErrors(4096, 'Object of class...', '/media/shared/p...', 244, Array)
#1 [internal function]: {closure}()
#2 /media/shared/projects/Cartesius/web/cartesius/app/vendor/slim/slim/Slim/Route.php(436): call_user_func_array(Object(Closure), Array)
#3 /media/shared/projects/Cartesius/web/cartesius/app/vendor/slim/slim/Slim/Slim.php(1302): Slim\Route->dispatch()
#4 /media/shared/projects/Cartesius/web/cartesius/app/vendor/slim/slim/Slim/Middleware/Flash.php(85): Slim\Slim->call()
#5 /media/shared/projects/Cartesius/web/cartesius/app/vendor/slim/slim/Slim/Middleware/MethodOverride.php(92): Slim\Middleware\Flash->call()
#6 /media/shared/projects/Cartesius/web/cartesius/app/vendor/slim/slim/Slim/Middleware/SessionCookie.php(117): Slim\Middleware\MethodOverride->call()
#7 /media/shared/projects/Cartesius/web/cartesius/app/vendor/slim/slim/Slim/Middleware/PrettyExceptions.php(67): Slim\Middleware\SessionCookie->call()
#8 /media/shared/projects/Cartesius/web/cartesius/app/vendor/slim/slim/Slim/Slim.php(1251): Slim\Middleware\PrettyExceptions->call()
#9 /media/shared/projects/Cartesius/web/cartesius/public_html/index.php(404): Slim\Slim->run()
#10 {main}
ERROR - 2013-11-03T02:04:58-08:00 - exception 'ErrorException' with message 'Object of class stdClass could not be converted to string' in /media/shared/projects/Cartesius/web/cartesius/app/vendor/j4mie/idiorm/idiorm.php:413
Stack trace:
#0 [internal function]: Slim\Slim::handleErrors(4096, 'Object of class...', '/media/shared/p...', 413, Array)
#1 /media/shared/projects/Cartesius/web/cartesius/app/vendor/j4mie/idiorm/idiorm.php(413): PDOStatement->execute(Array)
#2 /media/shared/projects/Cartesius/web/cartesius/app/vendor/j4mie/idiorm/idiorm.php(1750): ORM::_execute('INSERT INTO "pr...', Array, 'default')
#3 /media/shared/projects/Cartesius/web/cartesius/app/vendor/j4mie/paris/paris.php(471): ORM->save()
#4 /media/shared/projects/Cartesius/web/cartesius/public_html/index.php(248): Model->save()
#5 [internal function]: {closure}()
#6 /media/shared/projects/Cartesius/web/cartesius/app/vendor/slim/slim/Slim/Route.php(436): call_user_func_array(Object(Closure), Array)
#7 /media/shared/projects/Cartesius/web/cartesius/app/vendor/slim/slim/Slim/Slim.php(1302): Slim\Route->dispatch()
#8 /media/shared/projects/Cartesius/web/cartesius/app/vendor/slim/slim/Slim/Middleware/Flash.php(85): Slim\Slim->call()
#9 /media/shared/projects/Cartesius/web/cartesius/app/vendor/slim/slim/Slim/Middleware/MethodOverride.php(92): Slim\Middleware\Flash->call()
#10 /media/shared/projects/Cartesius/web/cartesius/app/vendor/slim/slim/Slim/Middleware/SessionCookie.php(117): Slim\Middleware\MethodOverride->call()
#11 /media/shared/projects/Cartesius/web/cartesius/app/vendor/slim/slim/Slim/Middleware/PrettyExceptions.php(67): Slim\Middleware\SessionCookie->call()
#12 /media/shared/projects/Cartesius/web/cartesius/app/vendor/slim/slim/Slim/Slim.php(1251): Slim\Middleware\PrettyExceptions->call()
#13 /media/shared/projects/Cartesius/web/cartesius/public_html/index.php(403): Slim\Slim->run()
#14 {main}
ERROR - 2013-11-03T02:07:40-08:00 - exception 'ErrorException' with message 'Object of class stdClass could not be converted to string' in /media/shared/projects/Cartesius/web/cartesius/app/vendor/j4mie/idiorm/idiorm.php:413
Stack trace:
#0 [internal function]: Slim\Slim::handleErrors(4096, 'Object of class...', '/media/shared/p...', 413, Array)
#1 /media/shared/projects/Cartesius/web/cartesius/app/vendor/j4mie/idiorm/idiorm.php(413): PDOStatement->execute(Array)
#2 /media/shared/projects/Cartesius/web/cartesius/app/vendor/j4mie/idiorm/idiorm.php(1750): ORM::_execute('INSERT INTO "pr...', Array, 'default')
#3 /media/shared/projects/Cartesius/web/cartesius/app/vendor/j4mie/paris/paris.php(471): ORM->save()
#4 /media/shared/projects/Cartesius/web/cartesius/public_html/index.php(249): Model->save()
#5 [internal function]: {closure}()
#6 /media/shared/projects/Cartesius/web/cartesius/app/vendor/slim/slim/Slim/Route.php(436): call_user_func_array(Object(Closure), Array)
#7 /media/shared/projects/Cartesius/web/cartesius/app/vendor/slim/slim/Slim/Slim.php(1302): Slim\Route->dispatch()
#8 /media/shared/projects/Cartesius/web/cartesius/app/vendor/slim/slim/Slim/Middleware/Flash.php(85): Slim\Slim->call()
#9 /media/shared/projects/Cartesius/web/cartesius/app/vendor/slim/slim/Slim/Middleware/MethodOverride.php(92): Slim\Middleware\Flash->call()
#10 /media/shared/projects/Cartesius/web/cartesius/app/vendor/slim/slim/Slim/Middleware/SessionCookie.php(117): Slim\Middleware\MethodOverride->call()
#11 /media/shared/projects/Cartesius/web/cartesius/app/vendor/slim/slim/Slim/Middleware/PrettyExceptions.php(67): Slim\Middleware\SessionCookie->call()
#12 /media/shared/projects/Cartesius/web/cartesius/app/vendor/slim/slim/Slim/Slim.php(1251): Slim\Middleware\PrettyExceptions->call()
#13 /media/shared/projects/Cartesius/web/cartesius/public_html/index.php(404): Slim\Slim->run()
#14 {main}
ERROR - 2013-11-03T02:08:53-08:00 - exception 'ErrorException' with message 'Object of class stdClass could not be converted to string' in /media/shared/projects/Cartesius/web/cartesius/app/vendor/j4mie/idiorm/idiorm.php:413
Stack trace:
#0 [internal function]: Slim\Slim::handleErrors(4096, 'Object of class...', '/media/shared/p...', 413, Array)
#1 /media/shared/projects/Cartesius/web/cartesius/app/vendor/j4mie/idiorm/idiorm.php(413): PDOStatement->execute(Array)
#2 /media/shared/projects/Cartesius/web/cartesius/app/vendor/j4mie/idiorm/idiorm.php(1750): ORM::_execute('INSERT INTO "pr...', Array, 'default')
#3 /media/shared/projects/Cartesius/web/cartesius/app/vendor/j4mie/paris/paris.php(471): ORM->save()
#4 /media/shared/projects/Cartesius/web/cartesius/public_html/index.php(250): Model->save()
#5 [internal function]: {closure}()
#6 /media/shared/projects/Cartesius/web/cartesius/app/vendor/slim/slim/Slim/Route.php(436): call_user_func_array(Object(Closure), Array)
#7 /media/shared/projects/Cartesius/web/cartesius/app/vendor/slim/slim/Slim/Slim.php(1302): Slim\Route->dispatch()
#8 /media/shared/projects/Cartesius/web/cartesius/app/vendor/slim/slim/Slim/Middleware/Flash.php(85): Slim\Slim->call()
#9 /media/shared/projects/Cartesius/web/cartesius/app/vendor/slim/slim/Slim/Middleware/MethodOverride.php(92): Slim\Middleware\Flash->call()
#10 /media/shared/projects/Cartesius/web/cartesius/app/vendor/slim/slim/Slim/Middleware/SessionCookie.php(117): Slim\Middleware\MethodOverride->call()
#11 /media/shared/projects/Cartesius/web/cartesius/app/vendor/slim/slim/Slim/Middleware/PrettyExceptions.php(67): Slim\Middleware\SessionCookie->call()
#12 /media/shared/projects/Cartesius/web/cartesius/app/vendor/slim/slim/Slim/Slim.php(1251): Slim\Middleware\PrettyExceptions->call()
#13 /media/shared/projects/Cartesius/web/cartesius/public_html/index.php(405): Slim\Slim->run()
#14 {main}
ERROR - 2013-11-03T02:09:33-08:00 - exception 'ErrorException' with message 'Object of class stdClass could not be converted to string' in /media/shared/projects/Cartesius/web/cartesius/app/vendor/j4mie/idiorm/idiorm.php:413
Stack trace:
#0 [internal function]: Slim\Slim::handleErrors(4096, 'Object of class...', '/media/shared/p...', 413, Array)
#1 /media/shared/projects/Cartesius/web/cartesius/app/vendor/j4mie/idiorm/idiorm.php(413): PDOStatement->execute(Array)
#2 /media/shared/projects/Cartesius/web/cartesius/app/vendor/j4mie/idiorm/idiorm.php(1750): ORM::_execute('INSERT INTO "pr...', Array, 'default')
#3 /media/shared/projects/Cartesius/web/cartesius/app/vendor/j4mie/paris/paris.php(471): ORM->save()
#4 /media/shared/projects/Cartesius/web/cartesius/public_html/index.php(251): Model->save()
#5 [internal function]: {closure}()
#6 /media/shared/projects/Cartesius/web/cartesius/app/vendor/slim/slim/Slim/Route.php(436): call_user_func_array(Object(Closure), Array)
#7 /media/shared/projects/Cartesius/web/cartesius/app/vendor/slim/slim/Slim/Slim.php(1302): Slim\Route->dispatch()
#8 /media/shared/projects/Cartesius/web/cartesius/app/vendor/slim/slim/Slim/Middleware/Flash.php(85): Slim\Slim->call()
#9 /media/shared/projects/Cartesius/web/cartesius/app/vendor/slim/slim/Slim/Middleware/MethodOverride.php(92): Slim\Middleware\Flash->call()
#10 /media/shared/projects/Cartesius/web/cartesius/app/vendor/slim/slim/Slim/Middleware/SessionCookie.php(117): Slim\Middleware\MethodOverride->call()
#11 /media/shared/projects/Cartesius/web/cartesius/app/vendor/slim/slim/Slim/Middleware/PrettyExceptions.php(67): Slim\Middleware\SessionCookie->call()
#12 /media/shared/projects/Cartesius/web/cartesius/app/vendor/slim/slim/Slim/Slim.php(1251): Slim\Middleware\PrettyExceptions->call()
#13 /media/shared/projects/Cartesius/web/cartesius/public_html/index.php(406): Slim\Slim->run()
#14 {main}
ERROR - 2013-11-03T02:10:00-08:00 - exception 'ErrorException' with message 'Object of class stdClass could not be converted to string' in /media/shared/projects/Cartesius/web/cartesius/app/vendor/j4mie/idiorm/idiorm.php:413
Stack trace:
#0 [internal function]: Slim\Slim::handleErrors(4096, 'Object of class...', '/media/shared/p...', 413, Array)
#1 /media/shared/projects/Cartesius/web/cartesius/app/vendor/j4mie/idiorm/idiorm.php(413): PDOStatement->execute(Array)
#2 /media/shared/projects/Cartesius/web/cartesius/app/vendor/j4mie/idiorm/idiorm.php(1750): ORM::_execute('INSERT INTO "pr...', Array, 'default')
#3 /media/shared/projects/Cartesius/web/cartesius/app/vendor/j4mie/paris/paris.php(471): ORM->save()
#4 /media/shared/projects/Cartesius/web/cartesius/public_html/index.php(251): Model->save()
#5 [internal function]: {closure}()
#6 /media/shared/projects/Cartesius/web/cartesius/app/vendor/slim/slim/Slim/Route.php(436): call_user_func_array(Object(Closure), Array)
#7 /media/shared/projects/Cartesius/web/cartesius/app/vendor/slim/slim/Slim/Slim.php(1302): Slim\Route->dispatch()
#8 /media/shared/projects/Cartesius/web/cartesius/app/vendor/slim/slim/Slim/Middleware/Flash.php(85): Slim\Slim->call()
#9 /media/shared/projects/Cartesius/web/cartesius/app/vendor/slim/slim/Slim/Middleware/MethodOverride.php(92): Slim\Middleware\Flash->call()
#10 /media/shared/projects/Cartesius/web/cartesius/app/vendor/slim/slim/Slim/Middleware/SessionCookie.php(117): Slim\Middleware\MethodOverride->call()
#11 /media/shared/projects/Cartesius/web/cartesius/app/vendor/slim/slim/Slim/Middleware/PrettyExceptions.php(67): Slim\Middleware\SessionCookie->call()
#12 /media/shared/projects/Cartesius/web/cartesius/app/vendor/slim/slim/Slim/Slim.php(1251): Slim\Middleware\PrettyExceptions->call()
#13 /media/shared/projects/Cartesius/web/cartesius/public_html/index.php(406): Slim\Slim->run()
#14 {main}
ERROR - 2013-11-03T02:11:45-08:00 - exception 'ErrorException' with message 'Object of class stdClass could not be converted to string' in /media/shared/projects/Cartesius/web/cartesius/app/vendor/j4mie/idiorm/idiorm.php:413
Stack trace:
#0 [internal function]: Slim\Slim::handleErrors(4096, 'Object of class...', '/media/shared/p...', 413, Array)
#1 /media/shared/projects/Cartesius/web/cartesius/app/vendor/j4mie/idiorm/idiorm.php(413): PDOStatement->execute(Array)
#2 /media/shared/projects/Cartesius/web/cartesius/app/vendor/j4mie/idiorm/idiorm.php(1750): ORM::_execute('INSERT INTO "pr...', Array, 'default')
#3 /media/shared/projects/Cartesius/web/cartesius/app/vendor/j4mie/paris/paris.php(471): ORM->save()
#4 /media/shared/projects/Cartesius/web/cartesius/public_html/index.php(250): Model->save()
#5 [internal function]: {closure}()
#6 /media/shared/projects/Cartesius/web/cartesius/app/vendor/slim/slim/Slim/Route.php(436): call_user_func_array(Object(Closure), Array)
#7 /media/shared/projects/Cartesius/web/cartesius/app/vendor/slim/slim/Slim/Slim.php(1302): Slim\Route->dispatch()
#8 /media/shared/projects/Cartesius/web/cartesius/app/vendor/slim/slim/Slim/Middleware/Flash.php(85): Slim\Slim->call()
#9 /media/shared/projects/Cartesius/web/cartesius/app/vendor/slim/slim/Slim/Middleware/MethodOverride.php(92): Slim\Middleware\Flash->call()
#10 /media/shared/projects/Cartesius/web/cartesius/app/vendor/slim/slim/Slim/Middleware/SessionCookie.php(117): Slim\Middleware\MethodOverride->call()
#11 /media/shared/projects/Cartesius/web/cartesius/app/vendor/slim/slim/Slim/Middleware/PrettyExceptions.php(67): Slim\Middleware\SessionCookie->call()
#12 /media/shared/projects/Cartesius/web/cartesius/app/vendor/slim/slim/Slim/Slim.php(1251): Slim\Middleware\PrettyExceptions->call()
#13 /media/shared/projects/Cartesius/web/cartesius/public_html/index.php(405): Slim\Slim->run()
#14 {main}
ERROR - 2013-11-03T02:12:16-08:00 - exception 'ErrorException' with message 'Object of class stdClass could not be converted to string' in /media/shared/projects/Cartesius/web/cartesius/app/vendor/j4mie/idiorm/idiorm.php:413
Stack trace:
#0 [internal function]: Slim\Slim::handleErrors(4096, 'Object of class...', '/media/shared/p...', 413, Array)
#1 /media/shared/projects/Cartesius/web/cartesius/app/vendor/j4mie/idiorm/idiorm.php(413): PDOStatement->execute(Array)
#2 /media/shared/projects/Cartesius/web/cartesius/app/vendor/j4mie/idiorm/idiorm.php(1750): ORM::_execute('INSERT INTO "pr...', Array, 'default')
#3 /media/shared/projects/Cartesius/web/cartesius/app/vendor/j4mie/paris/paris.php(471): ORM->save()
#4 /media/shared/projects/Cartesius/web/cartesius/public_html/index.php(250): Model->save()
#5 [internal function]: {closure}()
#6 /media/shared/projects/Cartesius/web/cartesius/app/vendor/slim/slim/Slim/Route.php(436): call_user_func_array(Object(Closure), Array)
#7 /media/shared/projects/Cartesius/web/cartesius/app/vendor/slim/slim/Slim/Slim.php(1302): Slim\Route->dispatch()
#8 /media/shared/projects/Cartesius/web/cartesius/app/vendor/slim/slim/Slim/Middleware/Flash.php(85): Slim\Slim->call()
#9 /media/shared/projects/Cartesius/web/cartesius/app/vendor/slim/slim/Slim/Middleware/MethodOverride.php(92): Slim\Middleware\Flash->call()
#10 /media/shared/projects/Cartesius/web/cartesius/app/vendor/slim/slim/Slim/Middleware/SessionCookie.php(117): Slim\Middleware\MethodOverride->call()
#11 /media/shared/projects/Cartesius/web/cartesius/app/vendor/slim/slim/Slim/Middleware/PrettyExceptions.php(67): Slim\Middleware\SessionCookie->call()
#12 /media/shared/projects/Cartesius/web/cartesius/app/vendor/slim/slim/Slim/Slim.php(1251): Slim\Middleware\PrettyExceptions->call()
#13 /media/shared/projects/Cartesius/web/cartesius/public_html/index.php(405): Slim\Slim->run()
#14 {main}
ERROR - 2013-11-03T02:12:33-08:00 - exception 'ErrorException' with message 'Object of class stdClass could not be converted to string' in /media/shared/projects/Cartesius/web/cartesius/app/vendor/j4mie/idiorm/idiorm.php:413
Stack trace:
#0 [internal function]: Slim\Slim::handleErrors(4096, 'Object of class...', '/media/shared/p...', 413, Array)
#1 /media/shared/projects/Cartesius/web/cartesius/app/vendor/j4mie/idiorm/idiorm.php(413): PDOStatement->execute(Array)
#2 /media/shared/projects/Cartesius/web/cartesius/app/vendor/j4mie/idiorm/idiorm.php(1750): ORM::_execute('INSERT INTO "pr...', Array, 'default')
#3 /media/shared/projects/Cartesius/web/cartesius/app/vendor/j4mie/paris/paris.php(471): ORM->save()
#4 /media/shared/projects/Cartesius/web/cartesius/public_html/index.php(249): Model->save()
#5 [internal function]: {closure}()
#6 /media/shared/projects/Cartesius/web/cartesius/app/vendor/slim/slim/Slim/Route.php(436): call_user_func_array(Object(Closure), Array)
#7 /media/shared/projects/Cartesius/web/cartesius/app/vendor/slim/slim/Slim/Slim.php(1302): Slim\Route->dispatch()
#8 /media/shared/projects/Cartesius/web/cartesius/app/vendor/slim/slim/Slim/Middleware/Flash.php(85): Slim\Slim->call()
#9 /media/shared/projects/Cartesius/web/cartesius/app/vendor/slim/slim/Slim/Middleware/MethodOverride.php(92): Slim\Middleware\Flash->call()
#10 /media/shared/projects/Cartesius/web/cartesius/app/vendor/slim/slim/Slim/Middleware/SessionCookie.php(117): Slim\Middleware\MethodOverride->call()
#11 /media/shared/projects/Cartesius/web/cartesius/app/vendor/slim/slim/Slim/Middleware/PrettyExceptions.php(67): Slim\Middleware\SessionCookie->call()
#12 /media/shared/projects/Cartesius/web/cartesius/app/vendor/slim/slim/Slim/Slim.php(1251): Slim\Middleware\PrettyExceptions->call()
#13 /media/shared/projects/Cartesius/web/cartesius/public_html/index.php(404): Slim\Slim->run()
#14 {main}
ERROR - 2013-11-03T02:14:17-08:00 - exception 'ErrorException' with message 'Object of class stdClass could not be converted to string' in /media/shared/projects/Cartesius/web/cartesius/app/vendor/j4mie/idiorm/idiorm.php:413
Stack trace:
#0 [internal function]: Slim\Slim::handleErrors(4096, 'Object of class...', '/media/shared/p...', 413, Array)
#1 /media/shared/projects/Cartesius/web/cartesius/app/vendor/j4mie/idiorm/idiorm.php(413): PDOStatement->execute(Array)
#2 /media/shared/projects/Cartesius/web/cartesius/app/vendor/j4mie/idiorm/idiorm.php(1750): ORM::_execute('INSERT INTO "pr...', Array, 'default')
#3 /media/shared/projects/Cartesius/web/cartesius/app/vendor/j4mie/paris/paris.php(471): ORM->save()
#4 /media/shared/projects/Cartesius/web/cartesius/public_html/index.php(248): Model->save()
#5 [internal function]: {closure}()
#6 /media/shared/projects/Cartesius/web/cartesius/app/vendor/slim/slim/Slim/Route.php(436): call_user_func_array(Object(Closure), Array)
#7 /media/shared/projects/Cartesius/web/cartesius/app/vendor/slim/slim/Slim/Slim.php(1302): Slim\Route->dispatch()
#8 /media/shared/projects/Cartesius/web/cartesius/app/vendor/slim/slim/Slim/Middleware/Flash.php(85): Slim\Slim->call()
#9 /media/shared/projects/Cartesius/web/cartesius/app/vendor/slim/slim/Slim/Middleware/MethodOverride.php(92): Slim\Middleware\Flash->call()
#10 /media/shared/projects/Cartesius/web/cartesius/app/vendor/slim/slim/Slim/Middleware/SessionCookie.php(117): Slim\Middleware\MethodOverride->call()
#11 /media/shared/projects/Cartesius/web/cartesius/app/vendor/slim/slim/Slim/Middleware/PrettyExceptions.php(67): Slim\Middleware\SessionCookie->call()
#12 /media/shared/projects/Cartesius/web/cartesius/app/vendor/slim/slim/Slim/Slim.php(1251): Slim\Middleware\PrettyExceptions->call()
#13 /media/shared/projects/Cartesius/web/cartesius/public_html/index.php(403): Slim\Slim->run()
#14 {main}
ERROR - 2013-11-03T02:18:56-08:00 - exception 'ErrorException' with message 'Object of class stdClass could not be converted to string' in /media/shared/projects/Cartesius/web/cartesius/app/vendor/j4mie/idiorm/idiorm.php:413
Stack trace:
#0 [internal function]: Slim\Slim::handleErrors(4096, 'Object of class...', '/media/shared/p...', 413, Array)
#1 /media/shared/projects/Cartesius/web/cartesius/app/vendor/j4mie/idiorm/idiorm.php(413): PDOStatement->execute(Array)
#2 /media/shared/projects/Cartesius/web/cartesius/app/vendor/j4mie/idiorm/idiorm.php(1750): ORM::_execute('INSERT INTO "pr...', Array, 'default')
#3 /media/shared/projects/Cartesius/web/cartesius/app/vendor/j4mie/paris/paris.php(471): ORM->save()
#4 /media/shared/projects/Cartesius/web/cartesius/public_html/index.php(248): Model->save()
#5 [internal function]: {closure}()
#6 /media/shared/projects/Cartesius/web/cartesius/app/vendor/slim/slim/Slim/Route.php(436): call_user_func_array(Object(Closure), Array)
#7 /media/shared/projects/Cartesius/web/cartesius/app/vendor/slim/slim/Slim/Slim.php(1302): Slim\Route->dispatch()
#8 /media/shared/projects/Cartesius/web/cartesius/app/vendor/slim/slim/Slim/Middleware/Flash.php(85): Slim\Slim->call()
#9 /media/shared/projects/Cartesius/web/cartesius/app/vendor/slim/slim/Slim/Middleware/MethodOverride.php(92): Slim\Middleware\Flash->call()
#10 /media/shared/projects/Cartesius/web/cartesius/app/vendor/slim/slim/Slim/Middleware/SessionCookie.php(117): Slim\Middleware\MethodOverride->call()
#11 /media/shared/projects/Cartesius/web/cartesius/app/vendor/slim/slim/Slim/Middleware/PrettyExceptions.php(67): Slim\Middleware\SessionCookie->call()
#12 /media/shared/projects/Cartesius/web/cartesius/app/vendor/slim/slim/Slim/Slim.php(1251): Slim\Middleware\PrettyExceptions->call()
#13 /media/shared/projects/Cartesius/web/cartesius/public_html/index.php(403): Slim\Slim->run()
#14 {main}
ERROR - 2013-11-03T02:19:38-08:00 - exception 'ErrorException' with message 'Object of class stdClass could not be converted to string' in /media/shared/projects/Cartesius/web/cartesius/app/vendor/j4mie/idiorm/idiorm.php:413
Stack trace:
#0 [internal function]: Slim\Slim::handleErrors(4096, 'Object of class...', '/media/shared/p...', 413, Array)
#1 /media/shared/projects/Cartesius/web/cartesius/app/vendor/j4mie/idiorm/idiorm.php(413): PDOStatement->execute(Array)
#2 /media/shared/projects/Cartesius/web/cartesius/app/vendor/j4mie/idiorm/idiorm.php(1750): ORM::_execute('INSERT INTO "pr...', Array, 'default')
#3 /media/shared/projects/Cartesius/web/cartesius/app/vendor/j4mie/paris/paris.php(471): ORM->save()
#4 /media/shared/projects/Cartesius/web/cartesius/public_html/index.php(248): Model->save()
#5 [internal function]: {closure}()
#6 /media/shared/projects/Cartesius/web/cartesius/app/vendor/slim/slim/Slim/Route.php(436): call_user_func_array(Object(Closure), Array)
#7 /media/shared/projects/Cartesius/web/cartesius/app/vendor/slim/slim/Slim/Slim.php(1302): Slim\Route->dispatch()
#8 /media/shared/projects/Cartesius/web/cartesius/app/vendor/slim/slim/Slim/Middleware/Flash.php(85): Slim\Slim->call()
#9 /media/shared/projects/Cartesius/web/cartesius/app/vendor/slim/slim/Slim/Middleware/MethodOverride.php(92): Slim\Middleware\Flash->call()
#10 /media/shared/projects/Cartesius/web/cartesius/app/vendor/slim/slim/Slim/Middleware/SessionCookie.php(117): Slim\Middleware\MethodOverride->call()
#11 /media/shared/projects/Cartesius/web/cartesius/app/vendor/slim/slim/Slim/Middleware/PrettyExceptions.php(67): Slim\Middleware\SessionCookie->call()
#12 /media/shared/projects/Cartesius/web/cartesius/app/vendor/slim/slim/Slim/Slim.php(1251): Slim\Middleware\PrettyExceptions->call()
#13 /media/shared/projects/Cartesius/web/cartesius/public_html/index.php(403): Slim\Slim->run()
#14 {main}
ERROR - 2013-11-03T02:19:59-08:00 - exception 'ErrorException' with message 'Object of class stdClass could not be converted to string' in /media/shared/projects/Cartesius/web/cartesius/app/vendor/j4mie/idiorm/idiorm.php:413
Stack trace:
#0 [internal function]: Slim\Slim::handleErrors(4096, 'Object of class...', '/media/shared/p...', 413, Array)
#1 /media/shared/projects/Cartesius/web/cartesius/app/vendor/j4mie/idiorm/idiorm.php(413): PDOStatement->execute(Array)
#2 /media/shared/projects/Cartesius/web/cartesius/app/vendor/j4mie/idiorm/idiorm.php(1750): ORM::_execute('INSERT INTO "pr...', Array, 'default')
#3 /media/shared/projects/Cartesius/web/cartesius/app/vendor/j4mie/paris/paris.php(471): ORM->save()
#4 /media/shared/projects/Cartesius/web/cartesius/public_html/index.php(248): Model->save()
#5 [internal function]: {closure}()
#6 /media/shared/projects/Cartesius/web/cartesius/app/vendor/slim/slim/Slim/Route.php(436): call_user_func_array(Object(Closure), Array)
#7 /media/shared/projects/Cartesius/web/cartesius/app/vendor/slim/slim/Slim/Slim.php(1302): Slim\Route->dispatch()
#8 /media/shared/projects/Cartesius/web/cartesius/app/vendor/slim/slim/Slim/Middleware/Flash.php(85): Slim\Slim->call()
#9 /media/shared/projects/Cartesius/web/cartesius/app/vendor/slim/slim/Slim/Middleware/MethodOverride.php(92): Slim\Middleware\Flash->call()
#10 /media/shared/projects/Cartesius/web/cartesius/app/vendor/slim/slim/Slim/Middleware/SessionCookie.php(117): Slim\Middleware\MethodOverride->call()
#11 /media/shared/projects/Cartesius/web/cartesius/app/vendor/slim/slim/Slim/Middleware/PrettyExceptions.php(67): Slim\Middleware\SessionCookie->call()
#12 /media/shared/projects/Cartesius/web/cartesius/app/vendor/slim/slim/Slim/Slim.php(1251): Slim\Middleware\PrettyExceptions->call()
#13 /media/shared/projects/Cartesius/web/cartesius/public_html/index.php(403): Slim\Slim->run()
#14 {main}
ERROR - 2013-11-03T02:20:34-08:00 - exception 'ErrorException' with message 'Object of class stdClass could not be converted to string' in /media/shared/projects/Cartesius/web/cartesius/app/vendor/j4mie/idiorm/idiorm.php:413
Stack trace:
#0 [internal function]: Slim\Slim::handleErrors(4096, 'Object of class...', '/media/shared/p...', 413, Array)
#1 /media/shared/projects/Cartesius/web/cartesius/app/vendor/j4mie/idiorm/idiorm.php(413): PDOStatement->execute(Array)
#2 /media/shared/projects/Cartesius/web/cartesius/app/vendor/j4mie/idiorm/idiorm.php(1750): ORM::_execute('INSERT INTO "pr...', Array, 'default')
#3 /media/shared/projects/Cartesius/web/cartesius/app/vendor/j4mie/paris/paris.php(471): ORM->save()
#4 /media/shared/projects/Cartesius/web/cartesius/public_html/index.php(250): Model->save()
#5 [internal function]: {closure}()
#6 /media/shared/projects/Cartesius/web/cartesius/app/vendor/slim/slim/Slim/Route.php(436): call_user_func_array(Object(Closure), Array)
#7 /media/shared/projects/Cartesius/web/cartesius/app/vendor/slim/slim/Slim/Slim.php(1302): Slim\Route->dispatch()
#8 /media/shared/projects/Cartesius/web/cartesius/app/vendor/slim/slim/Slim/Middleware/Flash.php(85): Slim\Slim->call()
#9 /media/shared/projects/Cartesius/web/cartesius/app/vendor/slim/slim/Slim/Middleware/MethodOverride.php(92): Slim\Middleware\Flash->call()
#10 /media/shared/projects/Cartesius/web/cartesius/app/vendor/slim/slim/Slim/Middleware/SessionCookie.php(117): Slim\Middleware\MethodOverride->call()
#11 /media/shared/projects/Cartesius/web/cartesius/app/vendor/slim/slim/Slim/Middleware/PrettyExceptions.php(67): Slim\Middleware\SessionCookie->call()
#12 /media/shared/projects/Cartesius/web/cartesius/app/vendor/slim/slim/Slim/Slim.php(1251): Slim\Middleware\PrettyExceptions->call()
#13 /media/shared/projects/Cartesius/web/cartesius/public_html/index.php(405): Slim\Slim->run()
#14 {main}
ERROR - 2013-11-03T02:21:15-08:00 - exception 'ErrorException' with message 'PDOStatement::execute(): SQLSTATE[22023]: Invalid parameter value: 7 ERROR:  time zone &quot;gmt+0700&quot; not recognized' in /media/shared/projects/Cartesius/web/cartesius/app/vendor/j4mie/idiorm/idiorm.php:413
Stack trace:
#0 [internal function]: Slim\Slim::handleErrors(2, 'PDOStatement::e...', '/media/shared/p...', 413, Array)
#1 /media/shared/projects/Cartesius/web/cartesius/app/vendor/j4mie/idiorm/idiorm.php(413): PDOStatement->execute(Array)
#2 /media/shared/projects/Cartesius/web/cartesius/app/vendor/j4mie/idiorm/idiorm.php(1750): ORM::_execute('INSERT INTO "pr...', Array, 'default')
#3 /media/shared/projects/Cartesius/web/cartesius/app/vendor/j4mie/paris/paris.php(471): ORM->save()
#4 /media/shared/projects/Cartesius/web/cartesius/public_html/index.php(250): Model->save()
#5 [internal function]: {closure}()
#6 /media/shared/projects/Cartesius/web/cartesius/app/vendor/slim/slim/Slim/Route.php(436): call_user_func_array(Object(Closure), Array)
#7 /media/shared/projects/Cartesius/web/cartesius/app/vendor/slim/slim/Slim/Slim.php(1302): Slim\Route->dispatch()
#8 /media/shared/projects/Cartesius/web/cartesius/app/vendor/slim/slim/Slim/Middleware/Flash.php(85): Slim\Slim->call()
#9 /media/shared/projects/Cartesius/web/cartesius/app/vendor/slim/slim/Slim/Middleware/MethodOverride.php(92): Slim\Middleware\Flash->call()
#10 /media/shared/projects/Cartesius/web/cartesius/app/vendor/slim/slim/Slim/Middleware/SessionCookie.php(117): Slim\Middleware\MethodOverride->call()
#11 /media/shared/projects/Cartesius/web/cartesius/app/vendor/slim/slim/Slim/Middleware/PrettyExceptions.php(67): Slim\Middleware\SessionCookie->call()
#12 /media/shared/projects/Cartesius/web/cartesius/app/vendor/slim/slim/Slim/Slim.php(1251): Slim\Middleware\PrettyExceptions->call()
#13 /media/shared/projects/Cartesius/web/cartesius/public_html/index.php(405): Slim\Slim->run()
#14 {main}
ERROR - 2013-11-03T02:22:55-08:00 - exception 'ErrorException' with message 'Object of class stdClass could not be converted to string' in /media/shared/projects/Cartesius/web/cartesius/app/vendor/j4mie/idiorm/idiorm.php:413
Stack trace:
#0 [internal function]: Slim\Slim::handleErrors(4096, 'Object of class...', '/media/shared/p...', 413, Array)
#1 /media/shared/projects/Cartesius/web/cartesius/app/vendor/j4mie/idiorm/idiorm.php(413): PDOStatement->execute(Array)
#2 /media/shared/projects/Cartesius/web/cartesius/app/vendor/j4mie/idiorm/idiorm.php(1750): ORM::_execute('INSERT INTO "pr...', Array, 'default')
#3 /media/shared/projects/Cartesius/web/cartesius/app/vendor/j4mie/paris/paris.php(471): ORM->save()
#4 /media/shared/projects/Cartesius/web/cartesius/public_html/index.php(248): Model->save()
#5 [internal function]: {closure}()
#6 /media/shared/projects/Cartesius/web/cartesius/app/vendor/slim/slim/Slim/Route.php(436): call_user_func_array(Object(Closure), Array)
#7 /media/shared/projects/Cartesius/web/cartesius/app/vendor/slim/slim/Slim/Slim.php(1302): Slim\Route->dispatch()
#8 /media/shared/projects/Cartesius/web/cartesius/app/vendor/slim/slim/Slim/Middleware/Flash.php(85): Slim\Slim->call()
#9 /media/shared/projects/Cartesius/web/cartesius/app/vendor/slim/slim/Slim/Middleware/MethodOverride.php(92): Slim\Middleware\Flash->call()
#10 /media/shared/projects/Cartesius/web/cartesius/app/vendor/slim/slim/Slim/Middleware/SessionCookie.php(117): Slim\Middleware\MethodOverride->call()
#11 /media/shared/projects/Cartesius/web/cartesius/app/vendor/slim/slim/Slim/Middleware/PrettyExceptions.php(67): Slim\Middleware\SessionCookie->call()
#12 /media/shared/projects/Cartesius/web/cartesius/app/vendor/slim/slim/Slim/Slim.php(1251): Slim\Middleware\PrettyExceptions->call()
#13 /media/shared/projects/Cartesius/web/cartesius/public_html/index.php(403): Slim\Slim->run()
#14 {main}
ERROR - 2013-11-03T02:23:31-08:00 - exception 'ErrorException' with message 'PDOStatement::execute(): SQLSTATE[22023]: Invalid parameter value: 7 ERROR:  time zone &quot;gmt+0700&quot; not recognized' in /media/shared/projects/Cartesius/web/cartesius/app/vendor/j4mie/idiorm/idiorm.php:413
Stack trace:
#0 [internal function]: Slim\Slim::handleErrors(2, 'PDOStatement::e...', '/media/shared/p...', 413, Array)
#1 /media/shared/projects/Cartesius/web/cartesius/app/vendor/j4mie/idiorm/idiorm.php(413): PDOStatement->execute(Array)
#2 /media/shared/projects/Cartesius/web/cartesius/app/vendor/j4mie/idiorm/idiorm.php(1750): ORM::_execute('INSERT INTO "pr...', Array, 'default')
#3 /media/shared/projects/Cartesius/web/cartesius/app/vendor/j4mie/paris/paris.php(471): ORM->save()
#4 /media/shared/projects/Cartesius/web/cartesius/public_html/index.php(248): Model->save()
#5 [internal function]: {closure}()
#6 /media/shared/projects/Cartesius/web/cartesius/app/vendor/slim/slim/Slim/Route.php(436): call_user_func_array(Object(Closure), Array)
#7 /media/shared/projects/Cartesius/web/cartesius/app/vendor/slim/slim/Slim/Slim.php(1302): Slim\Route->dispatch()
#8 /media/shared/projects/Cartesius/web/cartesius/app/vendor/slim/slim/Slim/Middleware/Flash.php(85): Slim\Slim->call()
#9 /media/shared/projects/Cartesius/web/cartesius/app/vendor/slim/slim/Slim/Middleware/MethodOverride.php(92): Slim\Middleware\Flash->call()
#10 /media/shared/projects/Cartesius/web/cartesius/app/vendor/slim/slim/Slim/Middleware/SessionCookie.php(117): Slim\Middleware\MethodOverride->call()
#11 /media/shared/projects/Cartesius/web/cartesius/app/vendor/slim/slim/Slim/Middleware/PrettyExceptions.php(67): Slim\Middleware\SessionCookie->call()
#12 /media/shared/projects/Cartesius/web/cartesius/app/vendor/slim/slim/Slim/Slim.php(1251): Slim\Middleware\PrettyExceptions->call()
#13 /media/shared/projects/Cartesius/web/cartesius/public_html/index.php(403): Slim\Slim->run()
#14 {main}
ERROR - 2013-11-03T02:45:59-08:00 - exception 'ErrorException' with message 'PDOStatement::execute(): SQLSTATE[22023]: Invalid parameter value: 7 ERROR:  time zone &quot;gmt+0700&quot; not recognized' in /media/shared/projects/Cartesius/web/cartesius/app/vendor/j4mie/idiorm/idiorm.php:413
Stack trace:
#0 [internal function]: Slim\Slim::handleErrors(2, 'PDOStatement::e...', '/media/shared/p...', 413, Array)
#1 /media/shared/projects/Cartesius/web/cartesius/app/vendor/j4mie/idiorm/idiorm.php(413): PDOStatement->execute(Array)
#2 /media/shared/projects/Cartesius/web/cartesius/app/vendor/j4mie/idiorm/idiorm.php(1750): ORM::_execute('INSERT INTO "pr...', Array, 'default')
#3 /media/shared/projects/Cartesius/web/cartesius/app/vendor/j4mie/paris/paris.php(471): ORM->save()
#4 /media/shared/projects/Cartesius/web/cartesius/public_html/index.php(248): Model->save()
#5 [internal function]: {closure}()
#6 /media/shared/projects/Cartesius/web/cartesius/app/vendor/slim/slim/Slim/Route.php(436): call_user_func_array(Object(Closure), Array)
#7 /media/shared/projects/Cartesius/web/cartesius/app/vendor/slim/slim/Slim/Slim.php(1302): Slim\Route->dispatch()
#8 /media/shared/projects/Cartesius/web/cartesius/app/vendor/slim/slim/Slim/Middleware/Flash.php(85): Slim\Slim->call()
#9 /media/shared/projects/Cartesius/web/cartesius/app/vendor/slim/slim/Slim/Middleware/MethodOverride.php(92): Slim\Middleware\Flash->call()
#10 /media/shared/projects/Cartesius/web/cartesius/app/vendor/slim/slim/Slim/Middleware/SessionCookie.php(117): Slim\Middleware\MethodOverride->call()
#11 /media/shared/projects/Cartesius/web/cartesius/app/vendor/slim/slim/Slim/Middleware/PrettyExceptions.php(67): Slim\Middleware\SessionCookie->call()
#12 /media/shared/projects/Cartesius/web/cartesius/app/vendor/slim/slim/Slim/Slim.php(1251): Slim\Middleware\PrettyExceptions->call()
#13 /media/shared/projects/Cartesius/web/cartesius/public_html/index.php(403): Slim\Slim->run()
#14 {main}
ERROR - 2013-11-03T02:54:15-08:00 - exception 'ErrorException' with message 'PDOStatement::execute(): SQLSTATE[22023]: Invalid parameter value: 7 ERROR:  time zone &quot;gmt+0700&quot; not recognized' in /media/shared/projects/Cartesius/web/cartesius/app/vendor/j4mie/idiorm/idiorm.php:413
Stack trace:
#0 [internal function]: Slim\Slim::handleErrors(2, 'PDOStatement::e...', '/media/shared/p...', 413, Array)
#1 /media/shared/projects/Cartesius/web/cartesius/app/vendor/j4mie/idiorm/idiorm.php(413): PDOStatement->execute(Array)
#2 /media/shared/projects/Cartesius/web/cartesius/app/vendor/j4mie/idiorm/idiorm.php(1750): ORM::_execute('INSERT INTO "pr...', Array, 'default')
#3 /media/shared/projects/Cartesius/web/cartesius/app/vendor/j4mie/paris/paris.php(471): ORM->save()
#4 /media/shared/projects/Cartesius/web/cartesius/public_html/index.php(248): Model->save()
#5 [internal function]: {closure}()
#6 /media/shared/projects/Cartesius/web/cartesius/app/vendor/slim/slim/Slim/Route.php(436): call_user_func_array(Object(Closure), Array)
#7 /media/shared/projects/Cartesius/web/cartesius/app/vendor/slim/slim/Slim/Slim.php(1302): Slim\Route->dispatch()
#8 /media/shared/projects/Cartesius/web/cartesius/app/vendor/slim/slim/Slim/Middleware/Flash.php(85): Slim\Slim->call()
#9 /media/shared/projects/Cartesius/web/cartesius/app/vendor/slim/slim/Slim/Middleware/MethodOverride.php(92): Slim\Middleware\Flash->call()
#10 /media/shared/projects/Cartesius/web/cartesius/app/vendor/slim/slim/Slim/Middleware/SessionCookie.php(117): Slim\Middleware\MethodOverride->call()
#11 /media/shared/projects/Cartesius/web/cartesius/app/vendor/slim/slim/Slim/Middleware/PrettyExceptions.php(67): Slim\Middleware\SessionCookie->call()
#12 /media/shared/projects/Cartesius/web/cartesius/app/vendor/slim/slim/Slim/Slim.php(1251): Slim\Middleware\PrettyExceptions->call()
#13 /media/shared/projects/Cartesius/web/cartesius/public_html/index.php(403): Slim\Slim->run()
#14 {main}
ERROR - 2013-11-03T03:09:01-08:00 - exception 'ErrorException' with message 'PDOStatement::execute(): SQLSTATE[22023]: Invalid parameter value: 7 ERROR:  time zone &quot;gmt+0700&quot; not recognized' in /media/shared/projects/Cartesius/web/cartesius/app/vendor/j4mie/idiorm/idiorm.php:413
Stack trace:
#0 [internal function]: Slim\Slim::handleErrors(2, 'PDOStatement::e...', '/media/shared/p...', 413, Array)
#1 /media/shared/projects/Cartesius/web/cartesius/app/vendor/j4mie/idiorm/idiorm.php(413): PDOStatement->execute(Array)
#2 /media/shared/projects/Cartesius/web/cartesius/app/vendor/j4mie/idiorm/idiorm.php(1750): ORM::_execute('INSERT INTO "pr...', Array, 'default')
#3 /media/shared/projects/Cartesius/web/cartesius/app/vendor/j4mie/paris/paris.php(471): ORM->save()
#4 /media/shared/projects/Cartesius/web/cartesius/public_html/index.php(248): Model->save()
#5 [internal function]: {closure}()
#6 /media/shared/projects/Cartesius/web/cartesius/app/vendor/slim/slim/Slim/Route.php(436): call_user_func_array(Object(Closure), Array)
#7 /media/shared/projects/Cartesius/web/cartesius/app/vendor/slim/slim/Slim/Slim.php(1302): Slim\Route->dispatch()
#8 /media/shared/projects/Cartesius/web/cartesius/app/vendor/slim/slim/Slim/Middleware/Flash.php(85): Slim\Slim->call()
#9 /media/shared/projects/Cartesius/web/cartesius/app/vendor/slim/slim/Slim/Middleware/MethodOverride.php(92): Slim\Middleware\Flash->call()
#10 /media/shared/projects/Cartesius/web/cartesius/app/vendor/slim/slim/Slim/Middleware/SessionCookie.php(117): Slim\Middleware\MethodOverride->call()
#11 /media/shared/projects/Cartesius/web/cartesius/app/vendor/slim/slim/Slim/Middleware/PrettyExceptions.php(67): Slim\Middleware\SessionCookie->call()
#12 /media/shared/projects/Cartesius/web/cartesius/app/vendor/slim/slim/Slim/Slim.php(1251): Slim\Middleware\PrettyExceptions->call()
#13 /media/shared/projects/Cartesius/web/cartesius/public_html/index.php(403): Slim\Slim->run()
#14 {main}
ERROR - 2013-11-03T18:31:26-08:00 - exception 'ErrorException' with message 'PDOStatement::execute(): SQLSTATE[22023]: Invalid parameter value: 7 ERROR:  time zone &quot;gmt+0700&quot; not recognized' in /media/shared/projects/Cartesius/web/cartesius/app/vendor/j4mie/idiorm/idiorm.php:413
Stack trace:
#0 [internal function]: Slim\Slim::handleErrors(2, 'PDOStatement::e...', '/media/shared/p...', 413, Array)
#1 /media/shared/projects/Cartesius/web/cartesius/app/vendor/j4mie/idiorm/idiorm.php(413): PDOStatement->execute(Array)
#2 /media/shared/projects/Cartesius/web/cartesius/app/vendor/j4mie/idiorm/idiorm.php(1750): ORM::_execute('INSERT INTO "pr...', Array, 'default')
#3 /media/shared/projects/Cartesius/web/cartesius/app/vendor/j4mie/paris/paris.php(471): ORM->save()
#4 /media/shared/projects/Cartesius/web/cartesius/public_html/index.php(248): Model->save()
#5 [internal function]: {closure}()
#6 /media/shared/projects/Cartesius/web/cartesius/app/vendor/slim/slim/Slim/Route.php(436): call_user_func_array(Object(Closure), Array)
#7 /media/shared/projects/Cartesius/web/cartesius/app/vendor/slim/slim/Slim/Slim.php(1302): Slim\Route->dispatch()
#8 /media/shared/projects/Cartesius/web/cartesius/app/vendor/slim/slim/Slim/Middleware/Flash.php(85): Slim\Slim->call()
#9 /media/shared/projects/Cartesius/web/cartesius/app/vendor/slim/slim/Slim/Middleware/MethodOverride.php(92): Slim\Middleware\Flash->call()
#10 /media/shared/projects/Cartesius/web/cartesius/app/vendor/slim/slim/Slim/Middleware/SessionCookie.php(117): Slim\Middleware\MethodOverride->call()
#11 /media/shared/projects/Cartesius/web/cartesius/app/vendor/slim/slim/Slim/Middleware/PrettyExceptions.php(67): Slim\Middleware\SessionCookie->call()
#12 /media/shared/projects/Cartesius/web/cartesius/app/vendor/slim/slim/Slim/Slim.php(1251): Slim\Middleware\PrettyExceptions->call()
#13 /media/shared/projects/Cartesius/web/cartesius/public_html/index.php(403): Slim\Slim->run()
#14 {main}
ERROR - 2013-11-03T18:34:14-08:00 - exception 'ErrorException' with message 'PDOStatement::execute(): SQLSTATE[22023]: Invalid parameter value: 7 ERROR:  time zone &quot;gmt+0700&quot; not recognized' in /media/shared/projects/Cartesius/web/cartesius/app/vendor/j4mie/idiorm/idiorm.php:413
Stack trace:
#0 [internal function]: Slim\Slim::handleErrors(2, 'PDOStatement::e...', '/media/shared/p...', 413, Array)
#1 /media/shared/projects/Cartesius/web/cartesius/app/vendor/j4mie/idiorm/idiorm.php(413): PDOStatement->execute(Array)
#2 /media/shared/projects/Cartesius/web/cartesius/app/vendor/j4mie/idiorm/idiorm.php(1750): ORM::_execute('INSERT INTO "pr...', Array, 'default')
#3 /media/shared/projects/Cartesius/web/cartesius/app/vendor/j4mie/paris/paris.php(471): ORM->save()
#4 /media/shared/projects/Cartesius/web/cartesius/public_html/index.php(248): Model->save()
#5 [internal function]: {closure}()
#6 /media/shared/projects/Cartesius/web/cartesius/app/vendor/slim/slim/Slim/Route.php(436): call_user_func_array(Object(Closure), Array)
#7 /media/shared/projects/Cartesius/web/cartesius/app/vendor/slim/slim/Slim/Slim.php(1302): Slim\Route->dispatch()
#8 /media/shared/projects/Cartesius/web/cartesius/app/vendor/slim/slim/Slim/Middleware/Flash.php(85): Slim\Slim->call()
#9 /media/shared/projects/Cartesius/web/cartesius/app/vendor/slim/slim/Slim/Middleware/MethodOverride.php(92): Slim\Middleware\Flash->call()
#10 /media/shared/projects/Cartesius/web/cartesius/app/vendor/slim/slim/Slim/Middleware/SessionCookie.php(117): Slim\Middleware\MethodOverride->call()
#11 /media/shared/projects/Cartesius/web/cartesius/app/vendor/slim/slim/Slim/Middleware/PrettyExceptions.php(67): Slim\Middleware\SessionCookie->call()
#12 /media/shared/projects/Cartesius/web/cartesius/app/vendor/slim/slim/Slim/Slim.php(1251): Slim\Middleware\PrettyExceptions->call()
#13 /media/shared/projects/Cartesius/web/cartesius/public_html/index.php(403): Slim\Slim->run()
#14 {main}
ERROR - 2013-11-03T18:35:19-08:00 - exception 'ErrorException' with message 'PDOStatement::execute(): SQLSTATE[22007]: Invalid datetime format: 7 ERROR:  invalid input syntax for type timestamp with time zone: &quot;1383670800&quot;' in /media/shared/projects/Cartesius/web/cartesius/app/vendor/j4mie/idiorm/idiorm.php:413
Stack trace:
#0 [internal function]: Slim\Slim::handleErrors(2, 'PDOStatement::e...', '/media/shared/p...', 413, Array)
#1 /media/shared/projects/Cartesius/web/cartesius/app/vendor/j4mie/idiorm/idiorm.php(413): PDOStatement->execute(Array)
#2 /media/shared/projects/Cartesius/web/cartesius/app/vendor/j4mie/idiorm/idiorm.php(1750): ORM::_execute('INSERT INTO "pr...', Array, 'default')
#3 /media/shared/projects/Cartesius/web/cartesius/app/vendor/j4mie/paris/paris.php(471): ORM->save()
#4 /media/shared/projects/Cartesius/web/cartesius/public_html/index.php(250): Model->save()
#5 [internal function]: {closure}()
#6 /media/shared/projects/Cartesius/web/cartesius/app/vendor/slim/slim/Slim/Route.php(436): call_user_func_array(Object(Closure), Array)
#7 /media/shared/projects/Cartesius/web/cartesius/app/vendor/slim/slim/Slim/Slim.php(1302): Slim\Route->dispatch()
#8 /media/shared/projects/Cartesius/web/cartesius/app/vendor/slim/slim/Slim/Middleware/Flash.php(85): Slim\Slim->call()
#9 /media/shared/projects/Cartesius/web/cartesius/app/vendor/slim/slim/Slim/Middleware/MethodOverride.php(92): Slim\Middleware\Flash->call()
#10 /media/shared/projects/Cartesius/web/cartesius/app/vendor/slim/slim/Slim/Middleware/SessionCookie.php(117): Slim\Middleware\MethodOverride->call()
#11 /media/shared/projects/Cartesius/web/cartesius/app/vendor/slim/slim/Slim/Middleware/PrettyExceptions.php(67): Slim\Middleware\SessionCookie->call()
#12 /media/shared/projects/Cartesius/web/cartesius/app/vendor/slim/slim/Slim/Slim.php(1251): Slim\Middleware\PrettyExceptions->call()
#13 /media/shared/projects/Cartesius/web/cartesius/public_html/index.php(405): Slim\Slim->run()
#14 {main}
