ERROR - 2013-10-20T12:34:57+00:00 - exception 'ErrorException' with message 'DOMDocument::load(): Specification mandate value for attribute multiple in /mnt/hgfs/web/cartesius/app/modules/projects/edit/view.xsl, line: 37' in /mnt/hgfs/web/cartesius/app/lib/XSLT.php:77
Stack trace:
#0 [internal function]: Slim\Slim::handleErrors(2, 'DOMDocument::lo...', '/mnt/hgfs/web/c...', 77, Array)
#1 /mnt/hgfs/web/cartesius/app/lib/XSLT.php(77): DOMDocument->load('/mnt/hgfs/web/c...')
#2 /mnt/hgfs/web/cartesius/app/vendor/slim/slim/Slim/View.php(252): Slim\Extras\Views\XSLT->render('projects/edit/v...')
#3 /mnt/hgfs/web/cartesius/app/vendor/slim/slim/Slim/View.php(242): Slim\View->fetch('projects/edit/v...')
#4 /mnt/hgfs/web/cartesius/app/vendor/slim/slim/Slim/Slim.php(742): Slim\View->display('projects/edit/v...')
#5 /mnt/hgfs/web/cartesius/public_html/index.php(140): Slim\Slim->render('projects/edit/v...', Array)
#6 [internal function]: {closure}('projects', 'edit', 'view')
#7 /mnt/hgfs/web/cartesius/app/vendor/slim/slim/Slim/Route.php(436): call_user_func_array(Object(Closure), Array)
#8 /mnt/hgfs/web/cartesius/app/vendor/slim/slim/Slim/Slim.php(1302): Slim\Route->dispatch()
#9 /mnt/hgfs/web/cartesius/app/vendor/slim/slim/Slim/Middleware/Flash.php(85): Slim\Slim->call()
#10 /mnt/hgfs/web/cartesius/app/vendor/slim/slim/Slim/Middleware/MethodOverride.php(92): Slim\Middleware\Flash->call()
#11 /mnt/hgfs/web/cartesius/app/vendor/slim/slim/Slim/Middleware/SessionCookie.php(117): Slim\Middleware\MethodOverride->call()
#12 /mnt/hgfs/web/cartesius/app/vendor/slim/slim/Slim/Middleware/PrettyExceptions.php(67): Slim\Middleware\SessionCookie->call()
#13 /mnt/hgfs/web/cartesius/app/vendor/slim/slim/Slim/Slim.php(1251): Slim\Middleware\PrettyExceptions->call()
#14 /mnt/hgfs/web/cartesius/public_html/index.php(245): Slim\Slim->run()
#15 {main}
ERROR - 2013-10-20T12:36:57+00:00 - exception 'ErrorException' with message 'XSLTProcessor::importStylesheet(): I/O warning : failed to load external entity &quot;/mnt/hgfs/web/cartesius/app/modules/projects/edit/app/core/constants.xsl&quot;' in /mnt/hgfs/web/cartesius/app/lib/XSLT.php:80
Stack trace:
#0 [internal function]: Slim\Slim::handleErrors(2, 'XSLTProcessor::...', '/mnt/hgfs/web/c...', 80, Array)
#1 /mnt/hgfs/web/cartesius/app/lib/XSLT.php(80): XSLTProcessor->importStylesheet(Object(DOMDocument))
#2 /mnt/hgfs/web/cartesius/app/vendor/slim/slim/Slim/View.php(252): Slim\Extras\Views\XSLT->render('projects/edit/v...')
#3 /mnt/hgfs/web/cartesius/app/vendor/slim/slim/Slim/View.php(242): Slim\View->fetch('projects/edit/v...')
#4 /mnt/hgfs/web/cartesius/app/vendor/slim/slim/Slim/Slim.php(742): Slim\View->display('projects/edit/v...')
#5 /mnt/hgfs/web/cartesius/public_html/index.php(140): Slim\Slim->render('projects/edit/v...', Array)
#6 [internal function]: {closure}('projects', 'edit', 'view')
#7 /mnt/hgfs/web/cartesius/app/vendor/slim/slim/Slim/Route.php(436): call_user_func_array(Object(Closure), Array)
#8 /mnt/hgfs/web/cartesius/app/vendor/slim/slim/Slim/Slim.php(1302): Slim\Route->dispatch()
#9 /mnt/hgfs/web/cartesius/app/vendor/slim/slim/Slim/Middleware/Flash.php(85): Slim\Slim->call()
#10 /mnt/hgfs/web/cartesius/app/vendor/slim/slim/Slim/Middleware/MethodOverride.php(92): Slim\Middleware\Flash->call()
#11 /mnt/hgfs/web/cartesius/app/vendor/slim/slim/Slim/Middleware/SessionCookie.php(117): Slim\Middleware\MethodOverride->call()
#12 /mnt/hgfs/web/cartesius/app/vendor/slim/slim/Slim/Middleware/PrettyExceptions.php(67): Slim\Middleware\SessionCookie->call()
#13 /mnt/hgfs/web/cartesius/app/vendor/slim/slim/Slim/Slim.php(1251): Slim\Middleware\PrettyExceptions->call()
#14 /mnt/hgfs/web/cartesius/public_html/index.php(245): Slim\Slim->run()
#15 {main}
ERROR - 2013-10-20T12:38:34+00:00 - exception 'ErrorException' with message 'XSLTProcessor::importStylesheet(): I/O warning : failed to load external entity &quot;/mnt/hgfs/web/cartesius/app/modules/projects/edit/app/core/constants.xsl&quot;' in /mnt/hgfs/web/cartesius/app/lib/XSLT.php:80
Stack trace:
#0 [internal function]: Slim\Slim::handleErrors(2, 'XSLTProcessor::...', '/mnt/hgfs/web/c...', 80, Array)
#1 /mnt/hgfs/web/cartesius/app/lib/XSLT.php(80): XSLTProcessor->importStylesheet(Object(DOMDocument))
#2 /mnt/hgfs/web/cartesius/app/vendor/slim/slim/Slim/View.php(252): Slim\Extras\Views\XSLT->render('projects/edit/v...')
#3 /mnt/hgfs/web/cartesius/app/vendor/slim/slim/Slim/View.php(242): Slim\View->fetch('projects/edit/v...')
#4 /mnt/hgfs/web/cartesius/app/vendor/slim/slim/Slim/Slim.php(742): Slim\View->display('projects/edit/v...')
#5 /mnt/hgfs/web/cartesius/public_html/index.php(140): Slim\Slim->render('projects/edit/v...', Array)
#6 [internal function]: {closure}('projects', 'edit', 'view')
#7 /mnt/hgfs/web/cartesius/app/vendor/slim/slim/Slim/Route.php(436): call_user_func_array(Object(Closure), Array)
#8 /mnt/hgfs/web/cartesius/app/vendor/slim/slim/Slim/Slim.php(1302): Slim\Route->dispatch()
#9 /mnt/hgfs/web/cartesius/app/vendor/slim/slim/Slim/Middleware/Flash.php(85): Slim\Slim->call()
#10 /mnt/hgfs/web/cartesius/app/vendor/slim/slim/Slim/Middleware/MethodOverride.php(92): Slim\Middleware\Flash->call()
#11 /mnt/hgfs/web/cartesius/app/vendor/slim/slim/Slim/Middleware/SessionCookie.php(117): Slim\Middleware\MethodOverride->call()
#12 /mnt/hgfs/web/cartesius/app/vendor/slim/slim/Slim/Middleware/PrettyExceptions.php(67): Slim\Middleware\SessionCookie->call()
#13 /mnt/hgfs/web/cartesius/app/vendor/slim/slim/Slim/Slim.php(1251): Slim\Middleware\PrettyExceptions->call()
#14 /mnt/hgfs/web/cartesius/public_html/index.php(245): Slim\Slim->run()
#15 {main}
ERROR - 2013-10-20T12:38:49+00:00 - exception 'ErrorException' with message 'XSLTProcessor::importStylesheet(): I/O warning : failed to load external entity &quot;/mnt/hgfs/web/cartesius/app/modules/projects/edit/app/core/constants.xsl&quot;' in /mnt/hgfs/web/cartesius/app/lib/XSLT.php:80
Stack trace:
#0 [internal function]: Slim\Slim::handleErrors(2, 'XSLTProcessor::...', '/mnt/hgfs/web/c...', 80, Array)
#1 /mnt/hgfs/web/cartesius/app/lib/XSLT.php(80): XSLTProcessor->importStylesheet(Object(DOMDocument))
#2 /mnt/hgfs/web/cartesius/app/vendor/slim/slim/Slim/View.php(252): Slim\Extras\Views\XSLT->render('projects/edit/v...')
#3 /mnt/hgfs/web/cartesius/app/vendor/slim/slim/Slim/View.php(242): Slim\View->fetch('projects/edit/v...')
#4 /mnt/hgfs/web/cartesius/app/vendor/slim/slim/Slim/Slim.php(742): Slim\View->display('projects/edit/v...')
#5 /mnt/hgfs/web/cartesius/public_html/index.php(140): Slim\Slim->render('projects/edit/v...', Array)
#6 [internal function]: {closure}('projects', 'edit', 'view')
#7 /mnt/hgfs/web/cartesius/app/vendor/slim/slim/Slim/Route.php(436): call_user_func_array(Object(Closure), Array)
#8 /mnt/hgfs/web/cartesius/app/vendor/slim/slim/Slim/Slim.php(1302): Slim\Route->dispatch()
#9 /mnt/hgfs/web/cartesius/app/vendor/slim/slim/Slim/Middleware/Flash.php(85): Slim\Slim->call()
#10 /mnt/hgfs/web/cartesius/app/vendor/slim/slim/Slim/Middleware/MethodOverride.php(92): Slim\Middleware\Flash->call()
#11 /mnt/hgfs/web/cartesius/app/vendor/slim/slim/Slim/Middleware/SessionCookie.php(117): Slim\Middleware\MethodOverride->call()
#12 /mnt/hgfs/web/cartesius/app/vendor/slim/slim/Slim/Middleware/PrettyExceptions.php(67): Slim\Middleware\SessionCookie->call()
#13 /mnt/hgfs/web/cartesius/app/vendor/slim/slim/Slim/Slim.php(1251): Slim\Middleware\PrettyExceptions->call()
#14 /mnt/hgfs/web/cartesius/public_html/index.php(245): Slim\Slim->run()
#15 {main}
ERROR - 2013-10-20T13:01:12+00:00 - exception 'ErrorException' with message 'XSLTProcessor::importStylesheet(): compilation error: file /mnt/hgfs/web/cartesius/app/modules/projects/list/view.xsl line 5 element import' in /mnt/hgfs/web/cartesius/app/lib/XSLT.php:80
Stack trace:
#0 [internal function]: Slim\Slim::handleErrors(2, 'XSLTProcessor::...', '/mnt/hgfs/web/c...', 80, Array)
#1 /mnt/hgfs/web/cartesius/app/lib/XSLT.php(80): XSLTProcessor->importStylesheet(Object(DOMDocument))
#2 /mnt/hgfs/web/cartesius/app/vendor/slim/slim/Slim/View.php(252): Slim\Extras\Views\XSLT->render('projects/list/v...')
#3 /mnt/hgfs/web/cartesius/app/vendor/slim/slim/Slim/View.php(242): Slim\View->fetch('projects/list/v...')
#4 /mnt/hgfs/web/cartesius/app/vendor/slim/slim/Slim/Slim.php(742): Slim\View->display('projects/list/v...')
#5 /mnt/hgfs/web/cartesius/public_html/index.php(140): Slim\Slim->render('projects/list/v...', Array)
#6 [internal function]: {closure}('projects', 'list', 'view')
#7 /mnt/hgfs/web/cartesius/app/vendor/slim/slim/Slim/Route.php(436): call_user_func_array(Object(Closure), Array)
#8 /mnt/hgfs/web/cartesius/app/vendor/slim/slim/Slim/Slim.php(1302): Slim\Route->dispatch()
#9 /mnt/hgfs/web/cartesius/app/vendor/slim/slim/Slim/Middleware/Flash.php(85): Slim\Slim->call()
#10 /mnt/hgfs/web/cartesius/app/vendor/slim/slim/Slim/Middleware/MethodOverride.php(92): Slim\Middleware\Flash->call()
#11 /mnt/hgfs/web/cartesius/app/vendor/slim/slim/Slim/Middleware/SessionCookie.php(117): Slim\Middleware\MethodOverride->call()
#12 /mnt/hgfs/web/cartesius/app/vendor/slim/slim/Slim/Middleware/PrettyExceptions.php(67): Slim\Middleware\SessionCookie->call()
#13 /mnt/hgfs/web/cartesius/app/vendor/slim/slim/Slim/Slim.php(1251): Slim\Middleware\PrettyExceptions->call()
#14 /mnt/hgfs/web/cartesius/public_html/index.php(245): Slim\Slim->run()
#15 {main}
ERROR - 2013-10-20T13:01:34+00:00 - exception 'ErrorException' with message 'XSLTProcessor::importStylesheet(): compilation error: file /mnt/hgfs/web/cartesius/app/modules/projects/list/view.xsl line 5 element import' in /mnt/hgfs/web/cartesius/app/lib/XSLT.php:80
Stack trace:
#0 [internal function]: Slim\Slim::handleErrors(2, 'XSLTProcessor::...', '/mnt/hgfs/web/c...', 80, Array)
#1 /mnt/hgfs/web/cartesius/app/lib/XSLT.php(80): XSLTProcessor->importStylesheet(Object(DOMDocument))
#2 /mnt/hgfs/web/cartesius/app/vendor/slim/slim/Slim/View.php(252): Slim\Extras\Views\XSLT->render('projects/list/v...')
#3 /mnt/hgfs/web/cartesius/app/vendor/slim/slim/Slim/View.php(242): Slim\View->fetch('projects/list/v...')
#4 /mnt/hgfs/web/cartesius/app/vendor/slim/slim/Slim/Slim.php(742): Slim\View->display('projects/list/v...')
#5 /mnt/hgfs/web/cartesius/public_html/index.php(140): Slim\Slim->render('projects/list/v...', Array)
#6 [internal function]: {closure}('projects', 'list', 'view')
#7 /mnt/hgfs/web/cartesius/app/vendor/slim/slim/Slim/Route.php(436): call_user_func_array(Object(Closure), Array)
#8 /mnt/hgfs/web/cartesius/app/vendor/slim/slim/Slim/Slim.php(1302): Slim\Route->dispatch()
#9 /mnt/hgfs/web/cartesius/app/vendor/slim/slim/Slim/Middleware/Flash.php(85): Slim\Slim->call()
#10 /mnt/hgfs/web/cartesius/app/vendor/slim/slim/Slim/Middleware/MethodOverride.php(92): Slim\Middleware\Flash->call()
#11 /mnt/hgfs/web/cartesius/app/vendor/slim/slim/Slim/Middleware/SessionCookie.php(117): Slim\Middleware\MethodOverride->call()
#12 /mnt/hgfs/web/cartesius/app/vendor/slim/slim/Slim/Middleware/PrettyExceptions.php(67): Slim\Middleware\SessionCookie->call()
#13 /mnt/hgfs/web/cartesius/app/vendor/slim/slim/Slim/Slim.php(1251): Slim\Middleware\PrettyExceptions->call()
#14 /mnt/hgfs/web/cartesius/public_html/index.php(245): Slim\Slim->run()
#15 {main}
ERROR - 2013-10-20T13:01:51+00:00 - exception 'ErrorException' with message 'XSLTProcessor::importStylesheet(): compilation error: file /mnt/hgfs/web/cartesius/app/modules/projects/list/view.xsl line 5 element import' in /mnt/hgfs/web/cartesius/app/lib/XSLT.php:80
Stack trace:
#0 [internal function]: Slim\Slim::handleErrors(2, 'XSLTProcessor::...', '/mnt/hgfs/web/c...', 80, Array)
#1 /mnt/hgfs/web/cartesius/app/lib/XSLT.php(80): XSLTProcessor->importStylesheet(Object(DOMDocument))
#2 /mnt/hgfs/web/cartesius/app/vendor/slim/slim/Slim/View.php(252): Slim\Extras\Views\XSLT->render('projects/list/v...')
#3 /mnt/hgfs/web/cartesius/app/vendor/slim/slim/Slim/View.php(242): Slim\View->fetch('projects/list/v...')
#4 /mnt/hgfs/web/cartesius/app/vendor/slim/slim/Slim/Slim.php(742): Slim\View->display('projects/list/v...')
#5 /mnt/hgfs/web/cartesius/public_html/index.php(140): Slim\Slim->render('projects/list/v...', Array)
#6 [internal function]: {closure}('projects', 'list', 'view')
#7 /mnt/hgfs/web/cartesius/app/vendor/slim/slim/Slim/Route.php(436): call_user_func_array(Object(Closure), Array)
#8 /mnt/hgfs/web/cartesius/app/vendor/slim/slim/Slim/Slim.php(1302): Slim\Route->dispatch()
#9 /mnt/hgfs/web/cartesius/app/vendor/slim/slim/Slim/Middleware/Flash.php(85): Slim\Slim->call()
#10 /mnt/hgfs/web/cartesius/app/vendor/slim/slim/Slim/Middleware/MethodOverride.php(92): Slim\Middleware\Flash->call()
#11 /mnt/hgfs/web/cartesius/app/vendor/slim/slim/Slim/Middleware/SessionCookie.php(117): Slim\Middleware\MethodOverride->call()
#12 /mnt/hgfs/web/cartesius/app/vendor/slim/slim/Slim/Middleware/PrettyExceptions.php(67): Slim\Middleware\SessionCookie->call()
#13 /mnt/hgfs/web/cartesius/app/vendor/slim/slim/Slim/Slim.php(1251): Slim\Middleware\PrettyExceptions->call()
#14 /mnt/hgfs/web/cartesius/public_html/index.php(245): Slim\Slim->run()
#15 {main}
