ERROR - 2013-10-30T05:48:00-07:00 - exception 'ErrorException' with message 'explode(): Empty delimiter' in /media/shared/projects/Cartesius/web/cartesius/public_html/index.php:305
Stack trace:
#0 [internal function]: Slim\Slim::handleErrors(2, 'explode(): Empt...', '/media/shared/p...', 305, Array)
#1 /media/shared/projects/Cartesius/web/cartesius/public_html/index.php(305): explode('', ' ')
#2 [internal function]: {closure}('Account')
#3 /media/shared/projects/Cartesius/web/cartesius/app/vendor/slim/slim/Slim/Route.php(436): call_user_func_array(Object(Closure), Array)
#4 /media/shared/projects/Cartesius/web/cartesius/app/vendor/slim/slim/Slim/Slim.php(1302): Slim\Route->dispatch()
#5 /media/shared/projects/Cartesius/web/cartesius/app/vendor/slim/slim/Slim/Middleware/Flash.php(85): Slim\Slim->call()
#6 /media/shared/projects/Cartesius/web/cartesius/app/vendor/slim/slim/Slim/Middleware/MethodOverride.php(92): Slim\Middleware\Flash->call()
#7 /media/shared/projects/Cartesius/web/cartesius/app/vendor/slim/slim/Slim/Middleware/SessionCookie.php(117): Slim\Middleware\MethodOverride->call()
#8 /media/shared/projects/Cartesius/web/cartesius/app/vendor/slim/slim/Slim/Middleware/PrettyExceptions.php(67): Slim\Middleware\SessionCookie->call()
#9 /media/shared/projects/Cartesius/web/cartesius/app/vendor/slim/slim/Slim/Slim.php(1251): Slim\Middleware\PrettyExceptions->call()
#10 /media/shared/projects/Cartesius/web/cartesius/public_html/index.php(333): Slim\Slim->run()
#11 {main}
ERROR - 2013-10-30T05:48:18-07:00 - exception 'ErrorException' with message 'explode(): Empty delimiter' in /media/shared/projects/Cartesius/web/cartesius/public_html/index.php:305
Stack trace:
#0 [internal function]: Slim\Slim::handleErrors(2, 'explode(): Empt...', '/media/shared/p...', 305, Array)
#1 /media/shared/projects/Cartesius/web/cartesius/public_html/index.php(305): explode('', ' ')
#2 [internal function]: {closure}('Account')
#3 /media/shared/projects/Cartesius/web/cartesius/app/vendor/slim/slim/Slim/Route.php(436): call_user_func_array(Object(Closure), Array)
#4 /media/shared/projects/Cartesius/web/cartesius/app/vendor/slim/slim/Slim/Slim.php(1302): Slim\Route->dispatch()
#5 /media/shared/projects/Cartesius/web/cartesius/app/vendor/slim/slim/Slim/Middleware/Flash.php(85): Slim\Slim->call()
#6 /media/shared/projects/Cartesius/web/cartesius/app/vendor/slim/slim/Slim/Middleware/MethodOverride.php(92): Slim\Middleware\Flash->call()
#7 /media/shared/projects/Cartesius/web/cartesius/app/vendor/slim/slim/Slim/Middleware/SessionCookie.php(117): Slim\Middleware\MethodOverride->call()
#8 /media/shared/projects/Cartesius/web/cartesius/app/vendor/slim/slim/Slim/Middleware/PrettyExceptions.php(67): Slim\Middleware\SessionCookie->call()
#9 /media/shared/projects/Cartesius/web/cartesius/app/vendor/slim/slim/Slim/Slim.php(1251): Slim\Middleware\PrettyExceptions->call()
#10 /media/shared/projects/Cartesius/web/cartesius/public_html/index.php(333): Slim\Slim->run()
#11 {main}
ERROR - 2013-10-30T05:49:37-07:00 - exception 'ErrorException' with message 'PDOStatement::execute(): SQLSTATE[42601]: Syntax error: 7 ERROR:  zero-length delimited identifier at or near &quot;&quot;&quot;&quot;
LINE 1: SELECT * FROM &quot;account&quot; ORDER BY &quot;&quot; ASC
                                         ^' in /media/shared/projects/Cartesius/web/cartesius/app/vendor/j4mie/idiorm/idiorm.php:413
Stack trace:
#0 [internal function]: Slim\Slim::handleErrors(2, 'PDOStatement::e...', '/media/shared/p...', 413, Array)
#1 /media/shared/projects/Cartesius/web/cartesius/app/vendor/j4mie/idiorm/idiorm.php(413): PDOStatement->execute(Array)
#2 /media/shared/projects/Cartesius/web/cartesius/app/vendor/j4mie/idiorm/idiorm.php(1604): ORM::_execute('SELECT * FROM "...', Array, 'default')
#3 /media/shared/projects/Cartesius/web/cartesius/app/vendor/j4mie/idiorm/idiorm.php(612): ORM->_run()
#4 /media/shared/projects/Cartesius/web/cartesius/app/lib/XMLORM.php(49): ORM->_find_many()
#5 /media/shared/projects/Cartesius/web/cartesius/app/vendor/j4mie/idiorm/idiorm.php(599): XMLORM->find_result_set()
#6 /media/shared/projects/Cartesius/web/cartesius/public_html/index.php(313): ORM->find_many()
#7 [internal function]: {closure}('Account')
#8 /media/shared/projects/Cartesius/web/cartesius/app/vendor/slim/slim/Slim/Route.php(436): call_user_func_array(Object(Closure), Array)
#9 /media/shared/projects/Cartesius/web/cartesius/app/vendor/slim/slim/Slim/Slim.php(1302): Slim\Route->dispatch()
#10 /media/shared/projects/Cartesius/web/cartesius/app/vendor/slim/slim/Slim/Middleware/Flash.php(85): Slim\Slim->call()
#11 /media/shared/projects/Cartesius/web/cartesius/app/vendor/slim/slim/Slim/Middleware/MethodOverride.php(92): Slim\Middleware\Flash->call()
#12 /media/shared/projects/Cartesius/web/cartesius/app/vendor/slim/slim/Slim/Middleware/SessionCookie.php(117): Slim\Middleware\MethodOverride->call()
#13 /media/shared/projects/Cartesius/web/cartesius/app/vendor/slim/slim/Slim/Middleware/PrettyExceptions.php(67): Slim\Middleware\SessionCookie->call()
#14 /media/shared/projects/Cartesius/web/cartesius/app/vendor/slim/slim/Slim/Slim.php(1251): Slim\Middleware\PrettyExceptions->call()
#15 /media/shared/projects/Cartesius/web/cartesius/public_html/index.php(333): Slim\Slim->run()
#16 {main}
ERROR - 2013-10-30T05:49:48-07:00 - exception 'ErrorException' with message 'PDOStatement::execute(): SQLSTATE[42601]: Syntax error: 7 ERROR:  zero-length delimited identifier at or near &quot;&quot;&quot;&quot;
LINE 1: SELECT * FROM &quot;account&quot; ORDER BY &quot;&quot; ASC
                                         ^' in /media/shared/projects/Cartesius/web/cartesius/app/vendor/j4mie/idiorm/idiorm.php:413
Stack trace:
#0 [internal function]: Slim\Slim::handleErrors(2, 'PDOStatement::e...', '/media/shared/p...', 413, Array)
#1 /media/shared/projects/Cartesius/web/cartesius/app/vendor/j4mie/idiorm/idiorm.php(413): PDOStatement->execute(Array)
#2 /media/shared/projects/Cartesius/web/cartesius/app/vendor/j4mie/idiorm/idiorm.php(1604): ORM::_execute('SELECT * FROM "...', Array, 'default')
#3 /media/shared/projects/Cartesius/web/cartesius/app/vendor/j4mie/idiorm/idiorm.php(612): ORM->_run()
#4 /media/shared/projects/Cartesius/web/cartesius/app/lib/XMLORM.php(49): ORM->_find_many()
#5 /media/shared/projects/Cartesius/web/cartesius/app/vendor/j4mie/idiorm/idiorm.php(599): XMLORM->find_result_set()
#6 /media/shared/projects/Cartesius/web/cartesius/public_html/index.php(313): ORM->find_many()
#7 [internal function]: {closure}('Account')
#8 /media/shared/projects/Cartesius/web/cartesius/app/vendor/slim/slim/Slim/Route.php(436): call_user_func_array(Object(Closure), Array)
#9 /media/shared/projects/Cartesius/web/cartesius/app/vendor/slim/slim/Slim/Slim.php(1302): Slim\Route->dispatch()
#10 /media/shared/projects/Cartesius/web/cartesius/app/vendor/slim/slim/Slim/Middleware/Flash.php(85): Slim\Slim->call()
#11 /media/shared/projects/Cartesius/web/cartesius/app/vendor/slim/slim/Slim/Middleware/MethodOverride.php(92): Slim\Middleware\Flash->call()
#12 /media/shared/projects/Cartesius/web/cartesius/app/vendor/slim/slim/Slim/Middleware/SessionCookie.php(117): Slim\Middleware\MethodOverride->call()
#13 /media/shared/projects/Cartesius/web/cartesius/app/vendor/slim/slim/Slim/Middleware/PrettyExceptions.php(67): Slim\Middleware\SessionCookie->call()
#14 /media/shared/projects/Cartesius/web/cartesius/app/vendor/slim/slim/Slim/Slim.php(1251): Slim\Middleware\PrettyExceptions->call()
#15 /media/shared/projects/Cartesius/web/cartesius/public_html/index.php(333): Slim\Slim->run()
#16 {main}
