ERROR - 2013-10-27T08:10:11-07:00 - exception 'ErrorException' with message 'Undefined index: flags' in /media/shared/projects/Cartesius/web/cartesius/app/lib/XMLORM.php:164
Stack trace:
#0 /media/shared/projects/Cartesius/web/cartesius/app/lib/XMLORM.php(164): Slim\Slim::handleErrors(8, 'Undefined index...', '/media/shared/p...', 164, Array)
#1 /media/shared/projects/Cartesius/web/cartesius/app/lib/XMLORM.php(123): XMLORM->_run_schema()
#2 /media/shared/projects/Cartesius/web/cartesius/public_html/index.php(248): XMLORM->table_schema()
#3 [internal function]: {closure}()
#4 /media/shared/projects/Cartesius/web/cartesius/app/vendor/slim/slim/Slim/Route.php(436): call_user_func_array(Object(Closure), Array)
#5 /media/shared/projects/Cartesius/web/cartesius/app/vendor/slim/slim/Slim/Slim.php(1302): Slim\Route->dispatch()
#6 /media/shared/projects/Cartesius/web/cartesius/app/vendor/slim/slim/Slim/Middleware/Flash.php(85): Slim\Slim->call()
#7 /media/shared/projects/Cartesius/web/cartesius/app/vendor/slim/slim/Slim/Middleware/MethodOverride.php(92): Slim\Middleware\Flash->call()
#8 /media/shared/projects/Cartesius/web/cartesius/app/vendor/slim/slim/Slim/Middleware/SessionCookie.php(117): Slim\Middleware\MethodOverride->call()
#9 /media/shared/projects/Cartesius/web/cartesius/app/vendor/slim/slim/Slim/Middleware/PrettyExceptions.php(67): Slim\Middleware\SessionCookie->call()
#10 /media/shared/projects/Cartesius/web/cartesius/app/vendor/slim/slim/Slim/Slim.php(1251): Slim\Middleware\PrettyExceptions->call()
#11 /media/shared/projects/Cartesius/web/cartesius/public_html/index.php(256): Slim\Slim->run()
#12 {main}
ERROR - 2013-10-27T08:11:30-07:00 - exception 'ErrorException' with message 'Undefined index: flags' in /media/shared/projects/Cartesius/web/cartesius/app/lib/XMLORM.php:164
Stack trace:
#0 /media/shared/projects/Cartesius/web/cartesius/app/lib/XMLORM.php(164): Slim\Slim::handleErrors(8, 'Undefined index...', '/media/shared/p...', 164, Array)
#1 /media/shared/projects/Cartesius/web/cartesius/app/lib/XMLORM.php(123): XMLORM->_run_schema()
#2 /media/shared/projects/Cartesius/web/cartesius/public_html/index.php(248): XMLORM->table_schema()
#3 [internal function]: {closure}()
#4 /media/shared/projects/Cartesius/web/cartesius/app/vendor/slim/slim/Slim/Route.php(436): call_user_func_array(Object(Closure), Array)
#5 /media/shared/projects/Cartesius/web/cartesius/app/vendor/slim/slim/Slim/Slim.php(1302): Slim\Route->dispatch()
#6 /media/shared/projects/Cartesius/web/cartesius/app/vendor/slim/slim/Slim/Middleware/Flash.php(85): Slim\Slim->call()
#7 /media/shared/projects/Cartesius/web/cartesius/app/vendor/slim/slim/Slim/Middleware/MethodOverride.php(92): Slim\Middleware\Flash->call()
#8 /media/shared/projects/Cartesius/web/cartesius/app/vendor/slim/slim/Slim/Middleware/SessionCookie.php(117): Slim\Middleware\MethodOverride->call()
#9 /media/shared/projects/Cartesius/web/cartesius/app/vendor/slim/slim/Slim/Middleware/PrettyExceptions.php(67): Slim\Middleware\SessionCookie->call()
#10 /media/shared/projects/Cartesius/web/cartesius/app/vendor/slim/slim/Slim/Slim.php(1251): Slim\Middleware\PrettyExceptions->call()
#11 /media/shared/projects/Cartesius/web/cartesius/public_html/index.php(256): Slim\Slim->run()
#12 {main}
ERROR - 2013-10-27T09:05:43-07:00 - exception 'ErrorException' with message 'DOMDocument::load(): I/O warning : failed to load external entity &quot;/media/shared/projects/Cartesius/web/cartesius/app/modules/opt/lappstack-5.4.19-0/apps/cartesius/htdocs/cartesius/app/core/model.xsl&quot;' in /media/shared/projects/Cartesius/web/cartesius/app/lib/XSLT.php:77
Stack trace:
#0 [internal function]: Slim\Slim::handleErrors(2, 'DOMDocument::lo...', '/media/shared/p...', 77, Array)
#1 /media/shared/projects/Cartesius/web/cartesius/app/lib/XSLT.php(77): DOMDocument->load('/opt/lappstack-...')
#2 /media/shared/projects/Cartesius/web/cartesius/app/vendor/slim/slim/Slim/View.php(252): Slim\Extras\Views\XSLT->render('/opt/lappstack-...')
#3 /media/shared/projects/Cartesius/web/cartesius/app/vendor/slim/slim/Slim/View.php(242): Slim\View->fetch('/opt/lappstack-...')
#4 /media/shared/projects/Cartesius/web/cartesius/app/vendor/slim/slim/Slim/Slim.php(742): Slim\View->display('/opt/lappstack-...')
#5 /media/shared/projects/Cartesius/web/cartesius/public_html/index.php(201): Slim\Slim->render('/opt/lappstack-...', Array)
#6 [internal function]: {closure}()
#7 /media/shared/projects/Cartesius/web/cartesius/app/vendor/slim/slim/Slim/Route.php(436): call_user_func_array(Object(Closure), Array)
#8 /media/shared/projects/Cartesius/web/cartesius/app/vendor/slim/slim/Slim/Slim.php(1302): Slim\Route->dispatch()
#9 /media/shared/projects/Cartesius/web/cartesius/app/vendor/slim/slim/Slim/Middleware/Flash.php(85): Slim\Slim->call()
#10 /media/shared/projects/Cartesius/web/cartesius/app/vendor/slim/slim/Slim/Middleware/MethodOverride.php(92): Slim\Middleware\Flash->call()
#11 /media/shared/projects/Cartesius/web/cartesius/app/vendor/slim/slim/Slim/Middleware/SessionCookie.php(117): Slim\Middleware\MethodOverride->call()
#12 /media/shared/projects/Cartesius/web/cartesius/app/vendor/slim/slim/Slim/Middleware/PrettyExceptions.php(67): Slim\Middleware\SessionCookie->call()
#13 /media/shared/projects/Cartesius/web/cartesius/app/vendor/slim/slim/Slim/Slim.php(1251): Slim\Middleware\PrettyExceptions->call()
#14 /media/shared/projects/Cartesius/web/cartesius/public_html/index.php(209): Slim\Slim->run()
#15 {main}
ERROR - 2013-10-27T09:06:39-07:00 - exception 'ErrorException' with message 'DOMDocument::load(): I/O warning : failed to load external entity &quot;/media/shared/projects/Cartesius/web/cartesius/app/modules/opt/lappstack-5.4.19-0/apps/cartesius/htdocs/cartesius/app/core/model.xsl&quot;' in /media/shared/projects/Cartesius/web/cartesius/app/lib/XSLT.php:77
Stack trace:
#0 [internal function]: Slim\Slim::handleErrors(2, 'DOMDocument::lo...', '/media/shared/p...', 77, Array)
#1 /media/shared/projects/Cartesius/web/cartesius/app/lib/XSLT.php(77): DOMDocument->load('/opt/lappstack-...')
#2 /media/shared/projects/Cartesius/web/cartesius/app/vendor/slim/slim/Slim/View.php(252): Slim\Extras\Views\XSLT->render('/opt/lappstack-...')
#3 /media/shared/projects/Cartesius/web/cartesius/app/vendor/slim/slim/Slim/View.php(242): Slim\View->fetch('/opt/lappstack-...')
#4 /media/shared/projects/Cartesius/web/cartesius/app/vendor/slim/slim/Slim/Slim.php(742): Slim\View->display('/opt/lappstack-...')
#5 /media/shared/projects/Cartesius/web/cartesius/public_html/index.php(201): Slim\Slim->render('/opt/lappstack-...', Array)
#6 [internal function]: {closure}()
#7 /media/shared/projects/Cartesius/web/cartesius/app/vendor/slim/slim/Slim/Route.php(436): call_user_func_array(Object(Closure), Array)
#8 /media/shared/projects/Cartesius/web/cartesius/app/vendor/slim/slim/Slim/Slim.php(1302): Slim\Route->dispatch()
#9 /media/shared/projects/Cartesius/web/cartesius/app/vendor/slim/slim/Slim/Middleware/Flash.php(85): Slim\Slim->call()
#10 /media/shared/projects/Cartesius/web/cartesius/app/vendor/slim/slim/Slim/Middleware/MethodOverride.php(92): Slim\Middleware\Flash->call()
#11 /media/shared/projects/Cartesius/web/cartesius/app/vendor/slim/slim/Slim/Middleware/SessionCookie.php(117): Slim\Middleware\MethodOverride->call()
#12 /media/shared/projects/Cartesius/web/cartesius/app/vendor/slim/slim/Slim/Middleware/PrettyExceptions.php(67): Slim\Middleware\SessionCookie->call()
#13 /media/shared/projects/Cartesius/web/cartesius/app/vendor/slim/slim/Slim/Slim.php(1251): Slim\Middleware\PrettyExceptions->call()
#14 /media/shared/projects/Cartesius/web/cartesius/public_html/index.php(209): Slim\Slim->run()
#15 {main}
ERROR - 2013-10-27T09:07:14-07:00 - exception 'ErrorException' with message 'DOMDocument::load(): I/O warning : failed to load external entity &quot;/media/shared/projects/Cartesius/web/cartesius/app/modules/opt/lappstack-5.4.19-0/apps/cartesius/htdocs/cartesius/app/core/model.xsl&quot;' in /media/shared/projects/Cartesius/web/cartesius/app/lib/XSLT.php:77
Stack trace:
#0 [internal function]: Slim\Slim::handleErrors(2, 'DOMDocument::lo...', '/media/shared/p...', 77, Array)
#1 /media/shared/projects/Cartesius/web/cartesius/app/lib/XSLT.php(77): DOMDocument->load('/opt/lappstack-...')
#2 /media/shared/projects/Cartesius/web/cartesius/app/vendor/slim/slim/Slim/View.php(252): Slim\Extras\Views\XSLT->render('/opt/lappstack-...')
#3 /media/shared/projects/Cartesius/web/cartesius/app/vendor/slim/slim/Slim/View.php(242): Slim\View->fetch('/opt/lappstack-...')
#4 /media/shared/projects/Cartesius/web/cartesius/app/vendor/slim/slim/Slim/Slim.php(742): Slim\View->display('/opt/lappstack-...')
#5 /media/shared/projects/Cartesius/web/cartesius/public_html/index.php(201): Slim\Slim->render('/opt/lappstack-...', Array)
#6 [internal function]: {closure}()
#7 /media/shared/projects/Cartesius/web/cartesius/app/vendor/slim/slim/Slim/Route.php(436): call_user_func_array(Object(Closure), Array)
#8 /media/shared/projects/Cartesius/web/cartesius/app/vendor/slim/slim/Slim/Slim.php(1302): Slim\Route->dispatch()
#9 /media/shared/projects/Cartesius/web/cartesius/app/vendor/slim/slim/Slim/Middleware/Flash.php(85): Slim\Slim->call()
#10 /media/shared/projects/Cartesius/web/cartesius/app/vendor/slim/slim/Slim/Middleware/MethodOverride.php(92): Slim\Middleware\Flash->call()
#11 /media/shared/projects/Cartesius/web/cartesius/app/vendor/slim/slim/Slim/Middleware/SessionCookie.php(117): Slim\Middleware\MethodOverride->call()
#12 /media/shared/projects/Cartesius/web/cartesius/app/vendor/slim/slim/Slim/Middleware/PrettyExceptions.php(67): Slim\Middleware\SessionCookie->call()
#13 /media/shared/projects/Cartesius/web/cartesius/app/vendor/slim/slim/Slim/Slim.php(1251): Slim\Middleware\PrettyExceptions->call()
#14 /media/shared/projects/Cartesius/web/cartesius/public_html/index.php(209): Slim\Slim->run()
#15 {main}
