ERROR - 2013-10-29T23:41:10-07:00 - exception 'ErrorException' with message 'file_put_contents(/opt/lappstack-5.4.19-0/apps/cartesius/htdocs/cartesius/app/models/Risk.php): failed to open stream: Permission denied' in /media/shared/projects/Cartesius/web/cartesius/public_html/index.php:43
Stack trace:
#0 [internal function]: Slim\Slim::handleErrors(2, 'file_put_conten...', '/media/shared/p...', 43, Array)
#1 /media/shared/projects/Cartesius/web/cartesius/public_html/index.php(43): file_put_contents('/opt/lappstack-...', '<?php???class R...')
#2 /media/shared/projects/Cartesius/web/cartesius/public_html/index.php(315): build_models()
#3 [internal function]: {closure}()
#4 /media/shared/projects/Cartesius/web/cartesius/app/vendor/slim/slim/Slim/Route.php(436): call_user_func_array(Object(Closure), Array)
#5 /media/shared/projects/Cartesius/web/cartesius/app/vendor/slim/slim/Slim/Slim.php(1302): Slim\Route->dispatch()
#6 /media/shared/projects/Cartesius/web/cartesius/app/vendor/slim/slim/Slim/Middleware/Flash.php(85): Slim\Slim->call()
#7 /media/shared/projects/Cartesius/web/cartesius/app/vendor/slim/slim/Slim/Middleware/MethodOverride.php(92): Slim\Middleware\Flash->call()
#8 /media/shared/projects/Cartesius/web/cartesius/app/vendor/slim/slim/Slim/Middleware/SessionCookie.php(117): Slim\Middleware\MethodOverride->call()
#9 /media/shared/projects/Cartesius/web/cartesius/app/vendor/slim/slim/Slim/Middleware/PrettyExceptions.php(67): Slim\Middleware\SessionCookie->call()
#10 /media/shared/projects/Cartesius/web/cartesius/app/vendor/slim/slim/Slim/Slim.php(1251): Slim\Middleware\PrettyExceptions->call()
#11 /media/shared/projects/Cartesius/web/cartesius/public_html/index.php(320): Slim\Slim->run()
#12 {main}
ERROR - 2013-10-29T23:42:07-07:00 - exception 'ErrorException' with message 'file_put_contents(/opt/lappstack-5.4.19-0/apps/cartesius/htdocs/cartesius/app/models/Risk.php): failed to open stream: Permission denied' in /media/shared/projects/Cartesius/web/cartesius/public_html/index.php:43
Stack trace:
#0 [internal function]: Slim\Slim::handleErrors(2, 'file_put_conten...', '/media/shared/p...', 43, Array)
#1 /media/shared/projects/Cartesius/web/cartesius/public_html/index.php(43): file_put_contents('/opt/lappstack-...', '<?php???class R...')
#2 /media/shared/projects/Cartesius/web/cartesius/public_html/index.php(315): build_models()
#3 [internal function]: {closure}()
#4 /media/shared/projects/Cartesius/web/cartesius/app/vendor/slim/slim/Slim/Route.php(436): call_user_func_array(Object(Closure), Array)
#5 /media/shared/projects/Cartesius/web/cartesius/app/vendor/slim/slim/Slim/Slim.php(1302): Slim\Route->dispatch()
#6 /media/shared/projects/Cartesius/web/cartesius/app/vendor/slim/slim/Slim/Middleware/Flash.php(85): Slim\Slim->call()
#7 /media/shared/projects/Cartesius/web/cartesius/app/vendor/slim/slim/Slim/Middleware/MethodOverride.php(92): Slim\Middleware\Flash->call()
#8 /media/shared/projects/Cartesius/web/cartesius/app/vendor/slim/slim/Slim/Middleware/SessionCookie.php(117): Slim\Middleware\MethodOverride->call()
#9 /media/shared/projects/Cartesius/web/cartesius/app/vendor/slim/slim/Slim/Middleware/PrettyExceptions.php(67): Slim\Middleware\SessionCookie->call()
#10 /media/shared/projects/Cartesius/web/cartesius/app/vendor/slim/slim/Slim/Slim.php(1251): Slim\Middleware\PrettyExceptions->call()
#11 /media/shared/projects/Cartesius/web/cartesius/public_html/index.php(320): Slim\Slim->run()
#12 {main}
ERROR - 2013-10-29T23:42:44-07:00 - exception 'ErrorException' with message 'file_put_contents(/opt/lappstack-5.4.19-0/apps/cartesius/htdocs/cartesius/app/models/Risk.php): failed to open stream: Permission denied' in /media/shared/projects/Cartesius/web/cartesius/public_html/index.php:43
Stack trace:
#0 [internal function]: Slim\Slim::handleErrors(2, 'file_put_conten...', '/media/shared/p...', 43, Array)
#1 /media/shared/projects/Cartesius/web/cartesius/public_html/index.php(43): file_put_contents('/opt/lappstack-...', '<?php???class R...')
#2 /media/shared/projects/Cartesius/web/cartesius/public_html/index.php(315): build_models()
#3 [internal function]: {closure}()
#4 /media/shared/projects/Cartesius/web/cartesius/app/vendor/slim/slim/Slim/Route.php(436): call_user_func_array(Object(Closure), Array)
#5 /media/shared/projects/Cartesius/web/cartesius/app/vendor/slim/slim/Slim/Slim.php(1302): Slim\Route->dispatch()
#6 /media/shared/projects/Cartesius/web/cartesius/app/vendor/slim/slim/Slim/Middleware/Flash.php(85): Slim\Slim->call()
#7 /media/shared/projects/Cartesius/web/cartesius/app/vendor/slim/slim/Slim/Middleware/MethodOverride.php(92): Slim\Middleware\Flash->call()
#8 /media/shared/projects/Cartesius/web/cartesius/app/vendor/slim/slim/Slim/Middleware/SessionCookie.php(117): Slim\Middleware\MethodOverride->call()
#9 /media/shared/projects/Cartesius/web/cartesius/app/vendor/slim/slim/Slim/Middleware/PrettyExceptions.php(67): Slim\Middleware\SessionCookie->call()
#10 /media/shared/projects/Cartesius/web/cartesius/app/vendor/slim/slim/Slim/Slim.php(1251): Slim\Middleware\PrettyExceptions->call()
#11 /media/shared/projects/Cartesius/web/cartesius/public_html/index.php(320): Slim\Slim->run()
#12 {main}
