ERROR - 2013-11-04T19:33:34-08:00 - exception 'ErrorException' with message 'Array to string conversion' in /media/shared/projects/Cartesius/web/cartesius/public_html/index.php:204
Stack trace:
#0 /media/shared/projects/Cartesius/web/cartesius/public_html/index.php(204): Slim\Slim::handleErrors(8, 'Array to string...', '/media/shared/p...', 204, Array)
#1 [internal function]: {closure}()
#2 /media/shared/projects/Cartesius/web/cartesius/app/vendor/slim/slim/Slim/Route.php(436): call_user_func_array(Object(Closure), Array)
#3 /media/shared/projects/Cartesius/web/cartesius/app/vendor/slim/slim/Slim/Slim.php(1302): Slim\Route->dispatch()
#4 /media/shared/projects/Cartesius/web/cartesius/app/vendor/slim/slim/Slim/Middleware/Flash.php(85): Slim\Slim->call()
#5 /media/shared/projects/Cartesius/web/cartesius/app/vendor/slim/slim/Slim/Middleware/MethodOverride.php(92): Slim\Middleware\Flash->call()
#6 /media/shared/projects/Cartesius/web/cartesius/app/vendor/slim/slim/Slim/Middleware/SessionCookie.php(117): Slim\Middleware\MethodOverride->call()
#7 /media/shared/projects/Cartesius/web/cartesius/app/vendor/slim/slim/Slim/Middleware/PrettyExceptions.php(67): Slim\Middleware\SessionCookie->call()
#8 /media/shared/projects/Cartesius/web/cartesius/app/vendor/slim/slim/Slim/Slim.php(1251): Slim\Middleware\PrettyExceptions->call()
#9 /media/shared/projects/Cartesius/web/cartesius/public_html/index.php(234): Slim\Slim->run()
#10 {main}
ERROR - 2013-11-04T19:36:18-08:00 - exception 'ErrorException' with message 'Array to string conversion' in /media/shared/projects/Cartesius/web/cartesius/public_html/index.php:204
Stack trace:
#0 /media/shared/projects/Cartesius/web/cartesius/public_html/index.php(204): Slim\Slim::handleErrors(8, 'Array to string...', '/media/shared/p...', 204, Array)
#1 [internal function]: {closure}()
#2 /media/shared/projects/Cartesius/web/cartesius/app/vendor/slim/slim/Slim/Route.php(436): call_user_func_array(Object(Closure), Array)
#3 /media/shared/projects/Cartesius/web/cartesius/app/vendor/slim/slim/Slim/Slim.php(1302): Slim\Route->dispatch()
#4 /media/shared/projects/Cartesius/web/cartesius/app/vendor/slim/slim/Slim/Middleware/Flash.php(85): Slim\Slim->call()
#5 /media/shared/projects/Cartesius/web/cartesius/app/vendor/slim/slim/Slim/Middleware/MethodOverride.php(92): Slim\Middleware\Flash->call()
#6 /media/shared/projects/Cartesius/web/cartesius/app/vendor/slim/slim/Slim/Middleware/SessionCookie.php(117): Slim\Middleware\MethodOverride->call()
#7 /media/shared/projects/Cartesius/web/cartesius/app/vendor/slim/slim/Slim/Middleware/PrettyExceptions.php(67): Slim\Middleware\SessionCookie->call()
#8 /media/shared/projects/Cartesius/web/cartesius/app/vendor/slim/slim/Slim/Slim.php(1251): Slim\Middleware\PrettyExceptions->call()
#9 /media/shared/projects/Cartesius/web/cartesius/public_html/index.php(234): Slim\Slim->run()
#10 {main}
ERROR - 2013-11-04T19:37:00-08:00 - exception 'ErrorException' with message 'Array to string conversion' in /media/shared/projects/Cartesius/web/cartesius/public_html/index.php:204
Stack trace:
#0 /media/shared/projects/Cartesius/web/cartesius/public_html/index.php(204): Slim\Slim::handleErrors(8, 'Array to string...', '/media/shared/p...', 204, Array)
#1 [internal function]: {closure}()
#2 /media/shared/projects/Cartesius/web/cartesius/app/vendor/slim/slim/Slim/Route.php(436): call_user_func_array(Object(Closure), Array)
#3 /media/shared/projects/Cartesius/web/cartesius/app/vendor/slim/slim/Slim/Slim.php(1302): Slim\Route->dispatch()
#4 /media/shared/projects/Cartesius/web/cartesius/app/vendor/slim/slim/Slim/Middleware/Flash.php(85): Slim\Slim->call()
#5 /media/shared/projects/Cartesius/web/cartesius/app/vendor/slim/slim/Slim/Middleware/MethodOverride.php(92): Slim\Middleware\Flash->call()
#6 /media/shared/projects/Cartesius/web/cartesius/app/vendor/slim/slim/Slim/Middleware/SessionCookie.php(117): Slim\Middleware\MethodOverride->call()
#7 /media/shared/projects/Cartesius/web/cartesius/app/vendor/slim/slim/Slim/Middleware/PrettyExceptions.php(67): Slim\Middleware\SessionCookie->call()
#8 /media/shared/projects/Cartesius/web/cartesius/app/vendor/slim/slim/Slim/Slim.php(1251): Slim\Middleware\PrettyExceptions->call()
#9 /media/shared/projects/Cartesius/web/cartesius/public_html/index.php(234): Slim\Slim->run()
#10 {main}
ERROR - 2013-11-04T19:37:59-08:00 - exception 'ErrorException' with message 'Array to string conversion' in /media/shared/projects/Cartesius/web/cartesius/public_html/index.php:204
Stack trace:
#0 /media/shared/projects/Cartesius/web/cartesius/public_html/index.php(204): Slim\Slim::handleErrors(8, 'Array to string...', '/media/shared/p...', 204, Array)
#1 [internal function]: {closure}()
#2 /media/shared/projects/Cartesius/web/cartesius/app/vendor/slim/slim/Slim/Route.php(436): call_user_func_array(Object(Closure), Array)
#3 /media/shared/projects/Cartesius/web/cartesius/app/vendor/slim/slim/Slim/Slim.php(1302): Slim\Route->dispatch()
#4 /media/shared/projects/Cartesius/web/cartesius/app/vendor/slim/slim/Slim/Middleware/Flash.php(85): Slim\Slim->call()
#5 /media/shared/projects/Cartesius/web/cartesius/app/vendor/slim/slim/Slim/Middleware/MethodOverride.php(92): Slim\Middleware\Flash->call()
#6 /media/shared/projects/Cartesius/web/cartesius/app/vendor/slim/slim/Slim/Middleware/SessionCookie.php(117): Slim\Middleware\MethodOverride->call()
#7 /media/shared/projects/Cartesius/web/cartesius/app/vendor/slim/slim/Slim/Middleware/PrettyExceptions.php(67): Slim\Middleware\SessionCookie->call()
#8 /media/shared/projects/Cartesius/web/cartesius/app/vendor/slim/slim/Slim/Slim.php(1251): Slim\Middleware\PrettyExceptions->call()
#9 /media/shared/projects/Cartesius/web/cartesius/public_html/index.php(234): Slim\Slim->run()
#10 {main}
ERROR - 2013-11-04T19:42:40-08:00 - exception 'ErrorException' with message 'Undefined variable: key' in /media/shared/projects/Cartesius/web/cartesius/app/lib/WebApiAdapter.php:81
Stack trace:
#0 /media/shared/projects/Cartesius/web/cartesius/app/lib/WebApiAdapter.php(81): Slim\Slim::handleErrors(8, 'Undefined varia...', '/media/shared/p...', 81, Array)
#1 /media/shared/projects/Cartesius/web/cartesius/app/lib/WebApiAdapter.php(60): WebApiAdapter::get_metadata('Risk')
#2 /media/shared/projects/Cartesius/web/cartesius/public_html/index.php(204): WebApiAdapter::show_metadata()
#3 [internal function]: {closure}()
#4 /media/shared/projects/Cartesius/web/cartesius/app/vendor/slim/slim/Slim/Route.php(436): call_user_func_array(Object(Closure), Array)
#5 /media/shared/projects/Cartesius/web/cartesius/app/vendor/slim/slim/Slim/Slim.php(1302): Slim\Route->dispatch()
#6 /media/shared/projects/Cartesius/web/cartesius/app/vendor/slim/slim/Slim/Middleware/Flash.php(85): Slim\Slim->call()
#7 /media/shared/projects/Cartesius/web/cartesius/app/vendor/slim/slim/Slim/Middleware/MethodOverride.php(92): Slim\Middleware\Flash->call()
#8 /media/shared/projects/Cartesius/web/cartesius/app/vendor/slim/slim/Slim/Middleware/SessionCookie.php(117): Slim\Middleware\MethodOverride->call()
#9 /media/shared/projects/Cartesius/web/cartesius/app/vendor/slim/slim/Slim/Middleware/PrettyExceptions.php(67): Slim\Middleware\SessionCookie->call()
#10 /media/shared/projects/Cartesius/web/cartesius/app/vendor/slim/slim/Slim/Slim.php(1251): Slim\Middleware\PrettyExceptions->call()
#11 /media/shared/projects/Cartesius/web/cartesius/public_html/index.php(234): Slim\Slim->run()
#12 {main}
ERROR - 2013-11-04T19:43:15-08:00 - exception 'ErrorException' with message 'Undefined offset: 0' in /media/shared/projects/Cartesius/web/cartesius/app/lib/WebApiAdapter.php:90
Stack trace:
#0 /media/shared/projects/Cartesius/web/cartesius/app/lib/WebApiAdapter.php(90): Slim\Slim::handleErrors(8, 'Undefined offse...', '/media/shared/p...', 90, Array)
#1 /media/shared/projects/Cartesius/web/cartesius/app/lib/WebApiAdapter.php(60): WebApiAdapter::get_metadata('Risk')
#2 /media/shared/projects/Cartesius/web/cartesius/public_html/index.php(204): WebApiAdapter::show_metadata()
#3 [internal function]: {closure}()
#4 /media/shared/projects/Cartesius/web/cartesius/app/vendor/slim/slim/Slim/Route.php(436): call_user_func_array(Object(Closure), Array)
#5 /media/shared/projects/Cartesius/web/cartesius/app/vendor/slim/slim/Slim/Slim.php(1302): Slim\Route->dispatch()
#6 /media/shared/projects/Cartesius/web/cartesius/app/vendor/slim/slim/Slim/Middleware/Flash.php(85): Slim\Slim->call()
#7 /media/shared/projects/Cartesius/web/cartesius/app/vendor/slim/slim/Slim/Middleware/MethodOverride.php(92): Slim\Middleware\Flash->call()
#8 /media/shared/projects/Cartesius/web/cartesius/app/vendor/slim/slim/Slim/Middleware/SessionCookie.php(117): Slim\Middleware\MethodOverride->call()
#9 /media/shared/projects/Cartesius/web/cartesius/app/vendor/slim/slim/Slim/Middleware/PrettyExceptions.php(67): Slim\Middleware\SessionCookie->call()
#10 /media/shared/projects/Cartesius/web/cartesius/app/vendor/slim/slim/Slim/Slim.php(1251): Slim\Middleware\PrettyExceptions->call()
#11 /media/shared/projects/Cartesius/web/cartesius/public_html/index.php(234): Slim\Slim->run()
#12 {main}
ERROR - 2013-11-04T19:45:31-08:00 - exception 'ErrorException' with message 'Undefined offset: 0' in /media/shared/projects/Cartesius/web/cartesius/app/lib/WebApiAdapter.php:90
Stack trace:
#0 /media/shared/projects/Cartesius/web/cartesius/app/lib/WebApiAdapter.php(90): Slim\Slim::handleErrors(8, 'Undefined offse...', '/media/shared/p...', 90, Array)
#1 /media/shared/projects/Cartesius/web/cartesius/app/lib/WebApiAdapter.php(60): WebApiAdapter::get_metadata('Risk')
#2 /media/shared/projects/Cartesius/web/cartesius/public_html/index.php(204): WebApiAdapter::show_metadata()
#3 [internal function]: {closure}()
#4 /media/shared/projects/Cartesius/web/cartesius/app/vendor/slim/slim/Slim/Route.php(436): call_user_func_array(Object(Closure), Array)
#5 /media/shared/projects/Cartesius/web/cartesius/app/vendor/slim/slim/Slim/Slim.php(1302): Slim\Route->dispatch()
#6 /media/shared/projects/Cartesius/web/cartesius/app/vendor/slim/slim/Slim/Middleware/Flash.php(85): Slim\Slim->call()
#7 /media/shared/projects/Cartesius/web/cartesius/app/vendor/slim/slim/Slim/Middleware/MethodOverride.php(92): Slim\Middleware\Flash->call()
#8 /media/shared/projects/Cartesius/web/cartesius/app/vendor/slim/slim/Slim/Middleware/SessionCookie.php(117): Slim\Middleware\MethodOverride->call()
#9 /media/shared/projects/Cartesius/web/cartesius/app/vendor/slim/slim/Slim/Middleware/PrettyExceptions.php(67): Slim\Middleware\SessionCookie->call()
#10 /media/shared/projects/Cartesius/web/cartesius/app/vendor/slim/slim/Slim/Slim.php(1251): Slim\Middleware\PrettyExceptions->call()
#11 /media/shared/projects/Cartesius/web/cartesius/public_html/index.php(234): Slim\Slim->run()
#12 {main}
ERROR - 2013-11-04T19:46:02-08:00 - exception 'ErrorException' with message 'Undefined offset: 0' in /media/shared/projects/Cartesius/web/cartesius/app/lib/WebApiAdapter.php:92
Stack trace:
#0 /media/shared/projects/Cartesius/web/cartesius/app/lib/WebApiAdapter.php(92): Slim\Slim::handleErrors(8, 'Undefined offse...', '/media/shared/p...', 92, Array)
#1 /media/shared/projects/Cartesius/web/cartesius/app/lib/WebApiAdapter.php(60): WebApiAdapter::get_metadata('Risk')
#2 /media/shared/projects/Cartesius/web/cartesius/public_html/index.php(204): WebApiAdapter::show_metadata()
#3 [internal function]: {closure}()
#4 /media/shared/projects/Cartesius/web/cartesius/app/vendor/slim/slim/Slim/Route.php(436): call_user_func_array(Object(Closure), Array)
#5 /media/shared/projects/Cartesius/web/cartesius/app/vendor/slim/slim/Slim/Slim.php(1302): Slim\Route->dispatch()
#6 /media/shared/projects/Cartesius/web/cartesius/app/vendor/slim/slim/Slim/Middleware/Flash.php(85): Slim\Slim->call()
#7 /media/shared/projects/Cartesius/web/cartesius/app/vendor/slim/slim/Slim/Middleware/MethodOverride.php(92): Slim\Middleware\Flash->call()
#8 /media/shared/projects/Cartesius/web/cartesius/app/vendor/slim/slim/Slim/Middleware/SessionCookie.php(117): Slim\Middleware\MethodOverride->call()
#9 /media/shared/projects/Cartesius/web/cartesius/app/vendor/slim/slim/Slim/Middleware/PrettyExceptions.php(67): Slim\Middleware\SessionCookie->call()
#10 /media/shared/projects/Cartesius/web/cartesius/app/vendor/slim/slim/Slim/Slim.php(1251): Slim\Middleware\PrettyExceptions->call()
#11 /media/shared/projects/Cartesius/web/cartesius/public_html/index.php(234): Slim\Slim->run()
#12 {main}
ERROR - 2013-11-04T19:46:31-08:00 - exception 'ErrorException' with message 'Undefined offset: 0' in /media/shared/projects/Cartesius/web/cartesius/app/lib/WebApiAdapter.php:95
Stack trace:
#0 /media/shared/projects/Cartesius/web/cartesius/app/lib/WebApiAdapter.php(95): Slim\Slim::handleErrors(8, 'Undefined offse...', '/media/shared/p...', 95, Array)
#1 /media/shared/projects/Cartesius/web/cartesius/app/lib/WebApiAdapter.php(60): WebApiAdapter::get_metadata('Risk')
#2 /media/shared/projects/Cartesius/web/cartesius/public_html/index.php(204): WebApiAdapter::show_metadata()
#3 [internal function]: {closure}()
#4 /media/shared/projects/Cartesius/web/cartesius/app/vendor/slim/slim/Slim/Route.php(436): call_user_func_array(Object(Closure), Array)
#5 /media/shared/projects/Cartesius/web/cartesius/app/vendor/slim/slim/Slim/Slim.php(1302): Slim\Route->dispatch()
#6 /media/shared/projects/Cartesius/web/cartesius/app/vendor/slim/slim/Slim/Middleware/Flash.php(85): Slim\Slim->call()
#7 /media/shared/projects/Cartesius/web/cartesius/app/vendor/slim/slim/Slim/Middleware/MethodOverride.php(92): Slim\Middleware\Flash->call()
#8 /media/shared/projects/Cartesius/web/cartesius/app/vendor/slim/slim/Slim/Middleware/SessionCookie.php(117): Slim\Middleware\MethodOverride->call()
#9 /media/shared/projects/Cartesius/web/cartesius/app/vendor/slim/slim/Slim/Middleware/PrettyExceptions.php(67): Slim\Middleware\SessionCookie->call()
#10 /media/shared/projects/Cartesius/web/cartesius/app/vendor/slim/slim/Slim/Slim.php(1251): Slim\Middleware\PrettyExceptions->call()
#11 /media/shared/projects/Cartesius/web/cartesius/public_html/index.php(234): Slim\Slim->run()
#12 {main}
ERROR - 2013-11-04T19:46:58-08:00 - exception 'ErrorException' with message 'Undefined offset: 0' in /media/shared/projects/Cartesius/web/cartesius/app/lib/WebApiAdapter.php:95
Stack trace:
#0 /media/shared/projects/Cartesius/web/cartesius/app/lib/WebApiAdapter.php(95): Slim\Slim::handleErrors(8, 'Undefined offse...', '/media/shared/p...', 95, Array)
#1 /media/shared/projects/Cartesius/web/cartesius/app/lib/WebApiAdapter.php(60): WebApiAdapter::get_metadata('Risk')
#2 /media/shared/projects/Cartesius/web/cartesius/public_html/index.php(204): WebApiAdapter::show_metadata()
#3 [internal function]: {closure}()
#4 /media/shared/projects/Cartesius/web/cartesius/app/vendor/slim/slim/Slim/Route.php(436): call_user_func_array(Object(Closure), Array)
#5 /media/shared/projects/Cartesius/web/cartesius/app/vendor/slim/slim/Slim/Slim.php(1302): Slim\Route->dispatch()
#6 /media/shared/projects/Cartesius/web/cartesius/app/vendor/slim/slim/Slim/Middleware/Flash.php(85): Slim\Slim->call()
#7 /media/shared/projects/Cartesius/web/cartesius/app/vendor/slim/slim/Slim/Middleware/MethodOverride.php(92): Slim\Middleware\Flash->call()
#8 /media/shared/projects/Cartesius/web/cartesius/app/vendor/slim/slim/Slim/Middleware/SessionCookie.php(117): Slim\Middleware\MethodOverride->call()
#9 /media/shared/projects/Cartesius/web/cartesius/app/vendor/slim/slim/Slim/Middleware/PrettyExceptions.php(67): Slim\Middleware\SessionCookie->call()
#10 /media/shared/projects/Cartesius/web/cartesius/app/vendor/slim/slim/Slim/Slim.php(1251): Slim\Middleware\PrettyExceptions->call()
#11 /media/shared/projects/Cartesius/web/cartesius/public_html/index.php(234): Slim\Slim->run()
#12 {main}
ERROR - 2013-11-04T19:47:00-08:00 - exception 'ErrorException' with message 'Undefined offset: 0' in /media/shared/projects/Cartesius/web/cartesius/app/lib/WebApiAdapter.php:95
Stack trace:
#0 /media/shared/projects/Cartesius/web/cartesius/app/lib/WebApiAdapter.php(95): Slim\Slim::handleErrors(8, 'Undefined offse...', '/media/shared/p...', 95, Array)
#1 /media/shared/projects/Cartesius/web/cartesius/app/lib/WebApiAdapter.php(60): WebApiAdapter::get_metadata('Risk')
#2 /media/shared/projects/Cartesius/web/cartesius/public_html/index.php(204): WebApiAdapter::show_metadata()
#3 [internal function]: {closure}()
#4 /media/shared/projects/Cartesius/web/cartesius/app/vendor/slim/slim/Slim/Route.php(436): call_user_func_array(Object(Closure), Array)
#5 /media/shared/projects/Cartesius/web/cartesius/app/vendor/slim/slim/Slim/Slim.php(1302): Slim\Route->dispatch()
#6 /media/shared/projects/Cartesius/web/cartesius/app/vendor/slim/slim/Slim/Middleware/Flash.php(85): Slim\Slim->call()
#7 /media/shared/projects/Cartesius/web/cartesius/app/vendor/slim/slim/Slim/Middleware/MethodOverride.php(92): Slim\Middleware\Flash->call()
#8 /media/shared/projects/Cartesius/web/cartesius/app/vendor/slim/slim/Slim/Middleware/SessionCookie.php(117): Slim\Middleware\MethodOverride->call()
#9 /media/shared/projects/Cartesius/web/cartesius/app/vendor/slim/slim/Slim/Middleware/PrettyExceptions.php(67): Slim\Middleware\SessionCookie->call()
#10 /media/shared/projects/Cartesius/web/cartesius/app/vendor/slim/slim/Slim/Slim.php(1251): Slim\Middleware\PrettyExceptions->call()
#11 /media/shared/projects/Cartesius/web/cartesius/public_html/index.php(234): Slim\Slim->run()
#12 {main}
ERROR - 2013-11-04T19:47:25-08:00 - exception 'ErrorException' with message 'Undefined offset: 0' in /media/shared/projects/Cartesius/web/cartesius/app/lib/WebApiAdapter.php:95
Stack trace:
#0 /media/shared/projects/Cartesius/web/cartesius/app/lib/WebApiAdapter.php(95): Slim\Slim::handleErrors(8, 'Undefined offse...', '/media/shared/p...', 95, Array)
#1 /media/shared/projects/Cartesius/web/cartesius/app/lib/WebApiAdapter.php(60): WebApiAdapter::get_metadata('Risk')
#2 /media/shared/projects/Cartesius/web/cartesius/public_html/index.php(204): WebApiAdapter::show_metadata()
#3 [internal function]: {closure}()
#4 /media/shared/projects/Cartesius/web/cartesius/app/vendor/slim/slim/Slim/Route.php(436): call_user_func_array(Object(Closure), Array)
#5 /media/shared/projects/Cartesius/web/cartesius/app/vendor/slim/slim/Slim/Slim.php(1302): Slim\Route->dispatch()
#6 /media/shared/projects/Cartesius/web/cartesius/app/vendor/slim/slim/Slim/Middleware/Flash.php(85): Slim\Slim->call()
#7 /media/shared/projects/Cartesius/web/cartesius/app/vendor/slim/slim/Slim/Middleware/MethodOverride.php(92): Slim\Middleware\Flash->call()
#8 /media/shared/projects/Cartesius/web/cartesius/app/vendor/slim/slim/Slim/Middleware/SessionCookie.php(117): Slim\Middleware\MethodOverride->call()
#9 /media/shared/projects/Cartesius/web/cartesius/app/vendor/slim/slim/Slim/Middleware/PrettyExceptions.php(67): Slim\Middleware\SessionCookie->call()
#10 /media/shared/projects/Cartesius/web/cartesius/app/vendor/slim/slim/Slim/Slim.php(1251): Slim\Middleware\PrettyExceptions->call()
#11 /media/shared/projects/Cartesius/web/cartesius/public_html/index.php(234): Slim\Slim->run()
#12 {main}
ERROR - 2013-11-04T19:55:54-08:00 - exception 'ErrorException' with message 'Undefined offset: 0' in /media/shared/projects/Cartesius/web/cartesius/app/lib/WebApiAdapter.php:92
Stack trace:
#0 /media/shared/projects/Cartesius/web/cartesius/app/lib/WebApiAdapter.php(92): Slim\Slim::handleErrors(8, 'Undefined offse...', '/media/shared/p...', 92, Array)
#1 /media/shared/projects/Cartesius/web/cartesius/app/lib/WebApiAdapter.php(60): WebApiAdapter::get_metadata('Risk')
#2 /media/shared/projects/Cartesius/web/cartesius/public_html/index.php(204): WebApiAdapter::show_metadata()
#3 [internal function]: {closure}()
#4 /media/shared/projects/Cartesius/web/cartesius/app/vendor/slim/slim/Slim/Route.php(436): call_user_func_array(Object(Closure), Array)
#5 /media/shared/projects/Cartesius/web/cartesius/app/vendor/slim/slim/Slim/Slim.php(1302): Slim\Route->dispatch()
#6 /media/shared/projects/Cartesius/web/cartesius/app/vendor/slim/slim/Slim/Middleware/Flash.php(85): Slim\Slim->call()
#7 /media/shared/projects/Cartesius/web/cartesius/app/vendor/slim/slim/Slim/Middleware/MethodOverride.php(92): Slim\Middleware\Flash->call()
#8 /media/shared/projects/Cartesius/web/cartesius/app/vendor/slim/slim/Slim/Middleware/SessionCookie.php(117): Slim\Middleware\MethodOverride->call()
#9 /media/shared/projects/Cartesius/web/cartesius/app/vendor/slim/slim/Slim/Middleware/PrettyExceptions.php(67): Slim\Middleware\SessionCookie->call()
#10 /media/shared/projects/Cartesius/web/cartesius/app/vendor/slim/slim/Slim/Slim.php(1251): Slim\Middleware\PrettyExceptions->call()
#11 /media/shared/projects/Cartesius/web/cartesius/public_html/index.php(234): Slim\Slim->run()
#12 {main}
ERROR - 2013-11-04T19:56:16-08:00 - exception 'ErrorException' with message 'Undefined offset: 0' in /media/shared/projects/Cartesius/web/cartesius/app/lib/WebApiAdapter.php:95
Stack trace:
#0 /media/shared/projects/Cartesius/web/cartesius/app/lib/WebApiAdapter.php(95): Slim\Slim::handleErrors(8, 'Undefined offse...', '/media/shared/p...', 95, Array)
#1 /media/shared/projects/Cartesius/web/cartesius/app/lib/WebApiAdapter.php(60): WebApiAdapter::get_metadata('Risk')
#2 /media/shared/projects/Cartesius/web/cartesius/public_html/index.php(204): WebApiAdapter::show_metadata()
#3 [internal function]: {closure}()
#4 /media/shared/projects/Cartesius/web/cartesius/app/vendor/slim/slim/Slim/Route.php(436): call_user_func_array(Object(Closure), Array)
#5 /media/shared/projects/Cartesius/web/cartesius/app/vendor/slim/slim/Slim/Slim.php(1302): Slim\Route->dispatch()
#6 /media/shared/projects/Cartesius/web/cartesius/app/vendor/slim/slim/Slim/Middleware/Flash.php(85): Slim\Slim->call()
#7 /media/shared/projects/Cartesius/web/cartesius/app/vendor/slim/slim/Slim/Middleware/MethodOverride.php(92): Slim\Middleware\Flash->call()
#8 /media/shared/projects/Cartesius/web/cartesius/app/vendor/slim/slim/Slim/Middleware/SessionCookie.php(117): Slim\Middleware\MethodOverride->call()
#9 /media/shared/projects/Cartesius/web/cartesius/app/vendor/slim/slim/Slim/Middleware/PrettyExceptions.php(67): Slim\Middleware\SessionCookie->call()
#10 /media/shared/projects/Cartesius/web/cartesius/app/vendor/slim/slim/Slim/Slim.php(1251): Slim\Middleware\PrettyExceptions->call()
#11 /media/shared/projects/Cartesius/web/cartesius/public_html/index.php(234): Slim\Slim->run()
#12 {main}
ERROR - 2013-11-04T19:59:42-08:00 - exception 'ErrorException' with message 'Array to string conversion' in /media/shared/projects/Cartesius/web/cartesius/public_html/index.php:204
Stack trace:
#0 /media/shared/projects/Cartesius/web/cartesius/public_html/index.php(204): Slim\Slim::handleErrors(8, 'Array to string...', '/media/shared/p...', 204, Array)
#1 [internal function]: {closure}()
#2 /media/shared/projects/Cartesius/web/cartesius/app/vendor/slim/slim/Slim/Route.php(436): call_user_func_array(Object(Closure), Array)
#3 /media/shared/projects/Cartesius/web/cartesius/app/vendor/slim/slim/Slim/Slim.php(1302): Slim\Route->dispatch()
#4 /media/shared/projects/Cartesius/web/cartesius/app/vendor/slim/slim/Slim/Middleware/Flash.php(85): Slim\Slim->call()
#5 /media/shared/projects/Cartesius/web/cartesius/app/vendor/slim/slim/Slim/Middleware/MethodOverride.php(92): Slim\Middleware\Flash->call()
#6 /media/shared/projects/Cartesius/web/cartesius/app/vendor/slim/slim/Slim/Middleware/SessionCookie.php(117): Slim\Middleware\MethodOverride->call()
#7 /media/shared/projects/Cartesius/web/cartesius/app/vendor/slim/slim/Slim/Middleware/PrettyExceptions.php(67): Slim\Middleware\SessionCookie->call()
#8 /media/shared/projects/Cartesius/web/cartesius/app/vendor/slim/slim/Slim/Slim.php(1251): Slim\Middleware\PrettyExceptions->call()
#9 /media/shared/projects/Cartesius/web/cartesius/public_html/index.php(234): Slim\Slim->run()
#10 {main}
ERROR - 2013-11-04T20:02:12-08:00 - exception 'ErrorException' with message 'Undefined variable: app' in /media/shared/projects/Cartesius/web/cartesius/app/lib/WebApiAdapter.php:228
Stack trace:
#0 /media/shared/projects/Cartesius/web/cartesius/app/lib/WebApiAdapter.php(228): Slim\Slim::handleErrors(8, 'Undefined varia...', '/media/shared/p...', 228, Array)
#1 /media/shared/projects/Cartesius/web/cartesius/public_html/index.php(209): WebApiAdapter::data('Account', Array)
#2 [internal function]: {closure}('Account')
#3 /media/shared/projects/Cartesius/web/cartesius/app/vendor/slim/slim/Slim/Route.php(436): call_user_func_array(Object(Closure), Array)
#4 /media/shared/projects/Cartesius/web/cartesius/app/vendor/slim/slim/Slim/Slim.php(1302): Slim\Route->dispatch()
#5 /media/shared/projects/Cartesius/web/cartesius/app/vendor/slim/slim/Slim/Middleware/Flash.php(85): Slim\Slim->call()
#6 /media/shared/projects/Cartesius/web/cartesius/app/vendor/slim/slim/Slim/Middleware/MethodOverride.php(92): Slim\Middleware\Flash->call()
#7 /media/shared/projects/Cartesius/web/cartesius/app/vendor/slim/slim/Slim/Middleware/SessionCookie.php(117): Slim\Middleware\MethodOverride->call()
#8 /media/shared/projects/Cartesius/web/cartesius/app/vendor/slim/slim/Slim/Middleware/PrettyExceptions.php(67): Slim\Middleware\SessionCookie->call()
#9 /media/shared/projects/Cartesius/web/cartesius/app/vendor/slim/slim/Slim/Slim.php(1251): Slim\Middleware\PrettyExceptions->call()
#10 /media/shared/projects/Cartesius/web/cartesius/public_html/index.php(229): Slim\Slim->run()
#11 {main}
ERROR - 2013-11-04T20:02:53-08:00 - exception 'ErrorException' with message 'Undefined index: $filter' in /media/shared/projects/Cartesius/web/cartesius/app/lib/WebApiAdapter.php:230
Stack trace:
#0 /media/shared/projects/Cartesius/web/cartesius/app/lib/WebApiAdapter.php(230): Slim\Slim::handleErrors(8, 'Undefined index...', '/media/shared/p...', 230, Array)
#1 /media/shared/projects/Cartesius/web/cartesius/public_html/index.php(209): WebApiAdapter::data('Account', Array)
#2 [internal function]: {closure}('Account')
#3 /media/shared/projects/Cartesius/web/cartesius/app/vendor/slim/slim/Slim/Route.php(436): call_user_func_array(Object(Closure), Array)
#4 /media/shared/projects/Cartesius/web/cartesius/app/vendor/slim/slim/Slim/Slim.php(1302): Slim\Route->dispatch()
#5 /media/shared/projects/Cartesius/web/cartesius/app/vendor/slim/slim/Slim/Middleware/Flash.php(85): Slim\Slim->call()
#6 /media/shared/projects/Cartesius/web/cartesius/app/vendor/slim/slim/Slim/Middleware/MethodOverride.php(92): Slim\Middleware\Flash->call()
#7 /media/shared/projects/Cartesius/web/cartesius/app/vendor/slim/slim/Slim/Middleware/SessionCookie.php(117): Slim\Middleware\MethodOverride->call()
#8 /media/shared/projects/Cartesius/web/cartesius/app/vendor/slim/slim/Slim/Middleware/PrettyExceptions.php(67): Slim\Middleware\SessionCookie->call()
#9 /media/shared/projects/Cartesius/web/cartesius/app/vendor/slim/slim/Slim/Slim.php(1251): Slim\Middleware\PrettyExceptions->call()
#10 /media/shared/projects/Cartesius/web/cartesius/public_html/index.php(229): Slim\Slim->run()
#11 {main}
ERROR - 2013-11-04T20:04:03-08:00 - exception 'ErrorException' with message 'Undefined variable: app' in /media/shared/projects/Cartesius/web/cartesius/app/lib/WebApiAdapter.php:283
Stack trace:
#0 /media/shared/projects/Cartesius/web/cartesius/app/lib/WebApiAdapter.php(283): Slim\Slim::handleErrors(8, 'Undefined varia...', '/media/shared/p...', 283, Array)
#1 /media/shared/projects/Cartesius/web/cartesius/public_html/index.php(209): WebApiAdapter::data('Account', Array)
#2 [internal function]: {closure}('Account')
#3 /media/shared/projects/Cartesius/web/cartesius/app/vendor/slim/slim/Slim/Route.php(436): call_user_func_array(Object(Closure), Array)
#4 /media/shared/projects/Cartesius/web/cartesius/app/vendor/slim/slim/Slim/Slim.php(1302): Slim\Route->dispatch()
#5 /media/shared/projects/Cartesius/web/cartesius/app/vendor/slim/slim/Slim/Middleware/Flash.php(85): Slim\Slim->call()
#6 /media/shared/projects/Cartesius/web/cartesius/app/vendor/slim/slim/Slim/Middleware/MethodOverride.php(92): Slim\Middleware\Flash->call()
#7 /media/shared/projects/Cartesius/web/cartesius/app/vendor/slim/slim/Slim/Middleware/SessionCookie.php(117): Slim\Middleware\MethodOverride->call()
#8 /media/shared/projects/Cartesius/web/cartesius/app/vendor/slim/slim/Slim/Middleware/PrettyExceptions.php(67): Slim\Middleware\SessionCookie->call()
#9 /media/shared/projects/Cartesius/web/cartesius/app/vendor/slim/slim/Slim/Slim.php(1251): Slim\Middleware\PrettyExceptions->call()
#10 /media/shared/projects/Cartesius/web/cartesius/public_html/index.php(229): Slim\Slim->run()
#11 {main}
ERROR - 2013-11-04T20:37:52-08:00 - exception 'PDOException' with message 'SQLSTATE[HY000]: General error: 1 no such table: account' in /media/shared/projects/Cartesius/web/cartesius/app/vendor/j4mie/idiorm/idiorm.php:409
Stack trace:
#0 /media/shared/projects/Cartesius/web/cartesius/app/vendor/j4mie/idiorm/idiorm.php(409): PDO->prepare('SELECT * FROM `...')
#1 /media/shared/projects/Cartesius/web/cartesius/app/vendor/j4mie/idiorm/idiorm.php(1604): ORM::_execute('SELECT * FROM `...', Array, 'default')
#2 /media/shared/projects/Cartesius/web/cartesius/app/vendor/j4mie/idiorm/idiorm.php(582): ORM->_run()
#3 /media/shared/projects/Cartesius/web/cartesius/app/lib/XMLPARIS.php(118): ORM->find_one(1)
#4 [internal function]: XMLORMWrapper->find_one(1)
#5 /media/shared/projects/Cartesius/web/cartesius/app/lib/XMLPARIS.php(214): call_user_func_array(Array, Array)
#6 /media/shared/projects/Cartesius/web/cartesius/public_html/index.php(81): XMLModel::__callStatic('find_one', Array)
#7 /media/shared/projects/Cartesius/web/cartesius/public_html/index.php(81): Account::find_one(1)
#8 [internal function]: {closure}()
#9 /media/shared/projects/Cartesius/web/cartesius/app/vendor/slim/slim/Slim/Route.php(436): call_user_func_array(Object(Closure), Array)
#10 /media/shared/projects/Cartesius/web/cartesius/app/vendor/slim/slim/Slim/Slim.php(1302): Slim\Route->dispatch()
#11 /media/shared/projects/Cartesius/web/cartesius/app/vendor/slim/slim/Slim/Middleware/Flash.php(85): Slim\Slim->call()
#12 /media/shared/projects/Cartesius/web/cartesius/app/vendor/slim/slim/Slim/Middleware/MethodOverride.php(92): Slim\Middleware\Flash->call()
#13 /media/shared/projects/Cartesius/web/cartesius/app/vendor/slim/slim/Slim/Middleware/SessionCookie.php(117): Slim\Middleware\MethodOverride->call()
#14 /media/shared/projects/Cartesius/web/cartesius/app/vendor/slim/slim/Slim/Middleware/PrettyExceptions.php(67): Slim\Middleware\SessionCookie->call()
#15 /media/shared/projects/Cartesius/web/cartesius/app/vendor/slim/slim/Slim/Slim.php(1251): Slim\Middleware\PrettyExceptions->call()
#16 /media/shared/projects/Cartesius/web/cartesius/public_html/index.php(229): Slim\Slim->run()
#17 {main}
ERROR - 2013-11-04T20:38:48-08:00 - exception 'PDOException' with message 'SQLSTATE[HY000]: General error: 1 no such table: account' in /media/shared/projects/Cartesius/web/cartesius/app/vendor/j4mie/idiorm/idiorm.php:409
Stack trace:
#0 /media/shared/projects/Cartesius/web/cartesius/app/vendor/j4mie/idiorm/idiorm.php(409): PDO->prepare('SELECT * FROM `...')
#1 /media/shared/projects/Cartesius/web/cartesius/app/vendor/j4mie/idiorm/idiorm.php(1604): ORM::_execute('SELECT * FROM `...', Array, 'default')
#2 /media/shared/projects/Cartesius/web/cartesius/app/vendor/j4mie/idiorm/idiorm.php(582): ORM->_run()
#3 /media/shared/projects/Cartesius/web/cartesius/app/lib/XMLPARIS.php(118): ORM->find_one(1)
#4 [internal function]: XMLORMWrapper->find_one(1, 'cartesius')
#5 /media/shared/projects/Cartesius/web/cartesius/app/lib/XMLPARIS.php(214): call_user_func_array(Array, Array)
#6 /media/shared/projects/Cartesius/web/cartesius/public_html/index.php(81): XMLModel::__callStatic('find_one', Array)
#7 /media/shared/projects/Cartesius/web/cartesius/public_html/index.php(81): Account::find_one(1, 'cartesius')
#8 [internal function]: {closure}()
#9 /media/shared/projects/Cartesius/web/cartesius/app/vendor/slim/slim/Slim/Route.php(436): call_user_func_array(Object(Closure), Array)
#10 /media/shared/projects/Cartesius/web/cartesius/app/vendor/slim/slim/Slim/Slim.php(1302): Slim\Route->dispatch()
#11 /media/shared/projects/Cartesius/web/cartesius/app/vendor/slim/slim/Slim/Middleware/Flash.php(85): Slim\Slim->call()
#12 /media/shared/projects/Cartesius/web/cartesius/app/vendor/slim/slim/Slim/Middleware/MethodOverride.php(92): Slim\Middleware\Flash->call()
#13 /media/shared/projects/Cartesius/web/cartesius/app/vendor/slim/slim/Slim/Middleware/SessionCookie.php(117): Slim\Middleware\MethodOverride->call()
#14 /media/shared/projects/Cartesius/web/cartesius/app/vendor/slim/slim/Slim/Middleware/PrettyExceptions.php(67): Slim\Middleware\SessionCookie->call()
#15 /media/shared/projects/Cartesius/web/cartesius/app/vendor/slim/slim/Slim/Slim.php(1251): Slim\Middleware\PrettyExceptions->call()
#16 /media/shared/projects/Cartesius/web/cartesius/public_html/index.php(229): Slim\Slim->run()
#17 {main}
ERROR - 2013-11-04T20:41:13-08:00 - exception 'PDOException' with message 'SQLSTATE[HY000]: General error: 1 no such table: account' in /media/shared/projects/Cartesius/web/cartesius/app/vendor/j4mie/idiorm/idiorm.php:409
Stack trace:
#0 /media/shared/projects/Cartesius/web/cartesius/app/vendor/j4mie/idiorm/idiorm.php(409): PDO->prepare('SELECT * FROM `...')
#1 /media/shared/projects/Cartesius/web/cartesius/app/vendor/j4mie/idiorm/idiorm.php(1604): ORM::_execute('SELECT * FROM `...', Array, 'default')
#2 /media/shared/projects/Cartesius/web/cartesius/app/vendor/j4mie/idiorm/idiorm.php(582): ORM->_run()
#3 /media/shared/projects/Cartesius/web/cartesius/app/lib/XMLPARIS.php(118): ORM->find_one(1)
#4 [internal function]: XMLORMWrapper->find_one(1, 'cartesius')
#5 /media/shared/projects/Cartesius/web/cartesius/app/lib/XMLPARIS.php(214): call_user_func_array(Array, Array)
#6 /media/shared/projects/Cartesius/web/cartesius/public_html/index.php(88): XMLModel::__callStatic('find_one', Array)
#7 /media/shared/projects/Cartesius/web/cartesius/public_html/index.php(88): Account::find_one(1, 'cartesius')
#8 [internal function]: {closure}()
#9 /media/shared/projects/Cartesius/web/cartesius/app/vendor/slim/slim/Slim/Route.php(436): call_user_func_array(Object(Closure), Array)
#10 /media/shared/projects/Cartesius/web/cartesius/app/vendor/slim/slim/Slim/Slim.php(1302): Slim\Route->dispatch()
#11 /media/shared/projects/Cartesius/web/cartesius/app/vendor/slim/slim/Slim/Middleware/Flash.php(85): Slim\Slim->call()
#12 /media/shared/projects/Cartesius/web/cartesius/app/vendor/slim/slim/Slim/Middleware/MethodOverride.php(92): Slim\Middleware\Flash->call()
#13 /media/shared/projects/Cartesius/web/cartesius/app/vendor/slim/slim/Slim/Middleware/SessionCookie.php(117): Slim\Middleware\MethodOverride->call()
#14 /media/shared/projects/Cartesius/web/cartesius/app/vendor/slim/slim/Slim/Middleware/PrettyExceptions.php(67): Slim\Middleware\SessionCookie->call()
#15 /media/shared/projects/Cartesius/web/cartesius/app/vendor/slim/slim/Slim/Slim.php(1251): Slim\Middleware\PrettyExceptions->call()
#16 /media/shared/projects/Cartesius/web/cartesius/public_html/index.php(236): Slim\Slim->run()
#17 {main}
ERROR - 2013-11-04T20:41:28-08:00 - exception 'PDOException' with message 'SQLSTATE[HY000]: General error: 1 no such table: account' in /media/shared/projects/Cartesius/web/cartesius/app/vendor/j4mie/idiorm/idiorm.php:409
Stack trace:
#0 /media/shared/projects/Cartesius/web/cartesius/app/vendor/j4mie/idiorm/idiorm.php(409): PDO->prepare('SELECT * FROM `...')
#1 /media/shared/projects/Cartesius/web/cartesius/app/vendor/j4mie/idiorm/idiorm.php(1604): ORM::_execute('SELECT * FROM `...', Array, 'default')
#2 /media/shared/projects/Cartesius/web/cartesius/app/vendor/j4mie/idiorm/idiorm.php(582): ORM->_run()
#3 /media/shared/projects/Cartesius/web/cartesius/app/lib/XMLPARIS.php(118): ORM->find_one(1)
#4 [internal function]: XMLORMWrapper->find_one(1, 'cartesius')
#5 /media/shared/projects/Cartesius/web/cartesius/app/lib/XMLPARIS.php(214): call_user_func_array(Array, Array)
#6 /media/shared/projects/Cartesius/web/cartesius/public_html/index.php(88): XMLModel::__callStatic('find_one', Array)
#7 /media/shared/projects/Cartesius/web/cartesius/public_html/index.php(88): Account::find_one(1, 'cartesius')
#8 [internal function]: {closure}()
#9 /media/shared/projects/Cartesius/web/cartesius/app/vendor/slim/slim/Slim/Route.php(436): call_user_func_array(Object(Closure), Array)
#10 /media/shared/projects/Cartesius/web/cartesius/app/vendor/slim/slim/Slim/Slim.php(1302): Slim\Route->dispatch()
#11 /media/shared/projects/Cartesius/web/cartesius/app/vendor/slim/slim/Slim/Middleware/Flash.php(85): Slim\Slim->call()
#12 /media/shared/projects/Cartesius/web/cartesius/app/vendor/slim/slim/Slim/Middleware/MethodOverride.php(92): Slim\Middleware\Flash->call()
#13 /media/shared/projects/Cartesius/web/cartesius/app/vendor/slim/slim/Slim/Middleware/SessionCookie.php(117): Slim\Middleware\MethodOverride->call()
#14 /media/shared/projects/Cartesius/web/cartesius/app/vendor/slim/slim/Slim/Middleware/PrettyExceptions.php(67): Slim\Middleware\SessionCookie->call()
#15 /media/shared/projects/Cartesius/web/cartesius/app/vendor/slim/slim/Slim/Slim.php(1251): Slim\Middleware\PrettyExceptions->call()
#16 /media/shared/projects/Cartesius/web/cartesius/public_html/index.php(236): Slim\Slim->run()
#17 {main}
ERROR - 2013-11-04T20:43:04-08:00 - exception 'PDOException' with message 'SQLSTATE[HY000]: General error: 1 no such table: account' in /media/shared/projects/Cartesius/web/cartesius/app/vendor/j4mie/idiorm/idiorm.php:409
Stack trace:
#0 /media/shared/projects/Cartesius/web/cartesius/app/vendor/j4mie/idiorm/idiorm.php(409): PDO->prepare('SELECT * FROM `...')
#1 /media/shared/projects/Cartesius/web/cartesius/app/vendor/j4mie/idiorm/idiorm.php(1604): ORM::_execute('SELECT * FROM `...', Array, 'default')
#2 /media/shared/projects/Cartesius/web/cartesius/app/vendor/j4mie/idiorm/idiorm.php(582): ORM->_run()
#3 /media/shared/projects/Cartesius/web/cartesius/app/lib/XMLPARIS.php(118): ORM->find_one(1)
#4 [internal function]: XMLORMWrapper->find_one(1, 'cartesius')
#5 /media/shared/projects/Cartesius/web/cartesius/app/lib/XMLPARIS.php(214): call_user_func_array(Array, Array)
#6 /media/shared/projects/Cartesius/web/cartesius/public_html/index.php(81): XMLModel::__callStatic('find_one', Array)
#7 /media/shared/projects/Cartesius/web/cartesius/public_html/index.php(81): Account::find_one(1, 'cartesius')
#8 [internal function]: {closure}()
#9 /media/shared/projects/Cartesius/web/cartesius/app/vendor/slim/slim/Slim/Route.php(436): call_user_func_array(Object(Closure), Array)
#10 /media/shared/projects/Cartesius/web/cartesius/app/vendor/slim/slim/Slim/Slim.php(1302): Slim\Route->dispatch()
#11 /media/shared/projects/Cartesius/web/cartesius/app/vendor/slim/slim/Slim/Middleware/Flash.php(85): Slim\Slim->call()
#12 /media/shared/projects/Cartesius/web/cartesius/app/vendor/slim/slim/Slim/Middleware/MethodOverride.php(92): Slim\Middleware\Flash->call()
#13 /media/shared/projects/Cartesius/web/cartesius/app/vendor/slim/slim/Slim/Middleware/SessionCookie.php(117): Slim\Middleware\MethodOverride->call()
#14 /media/shared/projects/Cartesius/web/cartesius/app/vendor/slim/slim/Slim/Middleware/PrettyExceptions.php(67): Slim\Middleware\SessionCookie->call()
#15 /media/shared/projects/Cartesius/web/cartesius/app/vendor/slim/slim/Slim/Slim.php(1251): Slim\Middleware\PrettyExceptions->call()
#16 /media/shared/projects/Cartesius/web/cartesius/public_html/index.php(229): Slim\Slim->run()
#17 {main}
ERROR - 2013-11-04T20:45:47-08:00 - exception 'PDOException' with message 'SQLSTATE[HY000]: General error: 1 no such table: modules' in /media/shared/projects/Cartesius/web/cartesius/app/vendor/j4mie/idiorm/idiorm.php:409
Stack trace:
#0 /media/shared/projects/Cartesius/web/cartesius/app/vendor/j4mie/idiorm/idiorm.php(409): PDO->prepare('SELECT * FROM `...')
#1 /media/shared/projects/Cartesius/web/cartesius/app/vendor/j4mie/idiorm/idiorm.php(1604): ORM::_execute('SELECT * FROM `...', Array, 'default')
#2 /media/shared/projects/Cartesius/web/cartesius/app/vendor/j4mie/idiorm/idiorm.php(612): ORM->_run()
#3 /media/shared/projects/Cartesius/web/cartesius/app/vendor/j4mie/idiorm/idiorm.php(601): ORM->_find_many()
#4 /media/shared/projects/Cartesius/web/cartesius/public_html/index.php(114): ORM->find_many()
#5 [internal function]: {closure}()
#6 /media/shared/projects/Cartesius/web/cartesius/app/vendor/slim/slim/Slim/Route.php(436): call_user_func_array(Object(Closure), Array)
#7 /media/shared/projects/Cartesius/web/cartesius/app/vendor/slim/slim/Slim/Slim.php(1302): Slim\Route->dispatch()
#8 /media/shared/projects/Cartesius/web/cartesius/app/vendor/slim/slim/Slim/Middleware/Flash.php(85): Slim\Slim->call()
#9 /media/shared/projects/Cartesius/web/cartesius/app/vendor/slim/slim/Slim/Middleware/MethodOverride.php(92): Slim\Middleware\Flash->call()
#10 /media/shared/projects/Cartesius/web/cartesius/app/vendor/slim/slim/Slim/Middleware/SessionCookie.php(117): Slim\Middleware\MethodOverride->call()
#11 /media/shared/projects/Cartesius/web/cartesius/app/vendor/slim/slim/Slim/Middleware/PrettyExceptions.php(67): Slim\Middleware\SessionCookie->call()
#12 /media/shared/projects/Cartesius/web/cartesius/app/vendor/slim/slim/Slim/Slim.php(1251): Slim\Middleware\PrettyExceptions->call()
#13 /media/shared/projects/Cartesius/web/cartesius/public_html/index.php(230): Slim\Slim->run()
#14 {main}
ERROR - 2013-11-04T20:46:16-08:00 - exception 'PDOException' with message 'SQLSTATE[HY000]: General error: 1 no such table: modules' in /media/shared/projects/Cartesius/web/cartesius/app/vendor/j4mie/idiorm/idiorm.php:409
Stack trace:
#0 /media/shared/projects/Cartesius/web/cartesius/app/vendor/j4mie/idiorm/idiorm.php(409): PDO->prepare('SELECT * FROM `...')
#1 /media/shared/projects/Cartesius/web/cartesius/app/vendor/j4mie/idiorm/idiorm.php(1604): ORM::_execute('SELECT * FROM `...', Array, 'default')
#2 /media/shared/projects/Cartesius/web/cartesius/app/vendor/j4mie/idiorm/idiorm.php(612): ORM->_run()
#3 /media/shared/projects/Cartesius/web/cartesius/app/vendor/j4mie/idiorm/idiorm.php(601): ORM->_find_many()
#4 /media/shared/projects/Cartesius/web/cartesius/public_html/index.php(114): ORM->find_many()
#5 [internal function]: {closure}()
#6 /media/shared/projects/Cartesius/web/cartesius/app/vendor/slim/slim/Slim/Route.php(436): call_user_func_array(Object(Closure), Array)
#7 /media/shared/projects/Cartesius/web/cartesius/app/vendor/slim/slim/Slim/Slim.php(1302): Slim\Route->dispatch()
#8 /media/shared/projects/Cartesius/web/cartesius/app/vendor/slim/slim/Slim/Middleware/Flash.php(85): Slim\Slim->call()
#9 /media/shared/projects/Cartesius/web/cartesius/app/vendor/slim/slim/Slim/Middleware/MethodOverride.php(92): Slim\Middleware\Flash->call()
#10 /media/shared/projects/Cartesius/web/cartesius/app/vendor/slim/slim/Slim/Middleware/SessionCookie.php(117): Slim\Middleware\MethodOverride->call()
#11 /media/shared/projects/Cartesius/web/cartesius/app/vendor/slim/slim/Slim/Middleware/PrettyExceptions.php(67): Slim\Middleware\SessionCookie->call()
#12 /media/shared/projects/Cartesius/web/cartesius/app/vendor/slim/slim/Slim/Slim.php(1251): Slim\Middleware\PrettyExceptions->call()
#13 /media/shared/projects/Cartesius/web/cartesius/public_html/index.php(230): Slim\Slim->run()
#14 {main}
ERROR - 2013-11-04T22:58:47-08:00 - exception 'ErrorException' with message 'file_put_contents(/opt/lappstack-5.4.19-0/apps/cartesius/htdocs/cartesius/app/data/metadata.js): failed to open stream: Permission denied' in /media/shared/projects/Cartesius/web/cartesius/app/lib/WebApiAdapter.php:82
Stack trace:
#0 [internal function]: Slim\Slim::handleErrors(2, 'file_put_conten...', '/media/shared/p...', 82, Array)
#1 /media/shared/projects/Cartesius/web/cartesius/app/lib/WebApiAdapter.php(82): file_put_contents('/opt/lappstack-...', '{"dataServices"...')
#2 /media/shared/projects/Cartesius/web/cartesius/public_html/index.php(204): WebApiAdapter::show_metadata('/opt/lappstack-...')
#3 [internal function]: {closure}()
#4 /media/shared/projects/Cartesius/web/cartesius/app/vendor/slim/slim/Slim/Route.php(436): call_user_func_array(Object(Closure), Array)
#5 /media/shared/projects/Cartesius/web/cartesius/app/vendor/slim/slim/Slim/Slim.php(1302): Slim\Route->dispatch()
#6 /media/shared/projects/Cartesius/web/cartesius/app/vendor/slim/slim/Slim/Middleware/Flash.php(85): Slim\Slim->call()
#7 /media/shared/projects/Cartesius/web/cartesius/app/vendor/slim/slim/Slim/Middleware/MethodOverride.php(92): Slim\Middleware\Flash->call()
#8 /media/shared/projects/Cartesius/web/cartesius/app/vendor/slim/slim/Slim/Middleware/SessionCookie.php(117): Slim\Middleware\MethodOverride->call()
#9 /media/shared/projects/Cartesius/web/cartesius/app/vendor/slim/slim/Slim/Middleware/PrettyExceptions.php(67): Slim\Middleware\SessionCookie->call()
#10 /media/shared/projects/Cartesius/web/cartesius/app/vendor/slim/slim/Slim/Slim.php(1251): Slim\Middleware\PrettyExceptions->call()
#11 /media/shared/projects/Cartesius/web/cartesius/public_html/index.php(231): Slim\Slim->run()
#12 {main}
