ERROR - 2013-10-16T16:53:16+00:00 - exception 'ErrorException' with message 'Undefined index: userid' in /mnt/hgfs/web/cartesius/public_html/index.php:77
Stack trace:
#0 /mnt/hgfs/web/cartesius/public_html/index.php(77): Slim\Slim::handleErrors(8, 'Undefined index...', '/mnt/hgfs/web/c...', 77, Array)
#1 [internal function]: {closure}()
#2 /mnt/hgfs/web/cartesius/app/vendor/slim/slim/Slim/Route.php(436): call_user_func_array(Object(Closure), Array)
#3 /mnt/hgfs/web/cartesius/app/vendor/slim/slim/Slim/Slim.php(1302): Slim\Route->dispatch()
#4 /mnt/hgfs/web/cartesius/app/vendor/slim/slim/Slim/Middleware/Flash.php(85): Slim\Slim->call()
#5 /mnt/hgfs/web/cartesius/app/vendor/slim/slim/Slim/Middleware/MethodOverride.php(92): Slim\Middleware\Flash->call()
#6 /mnt/hgfs/web/cartesius/app/vendor/slim/slim/Slim/Middleware/SessionCookie.php(117): Slim\Middleware\MethodOverride->call()
#7 /mnt/hgfs/web/cartesius/app/vendor/slim/slim/Slim/Middleware/PrettyExceptions.php(67): Slim\Middleware\SessionCookie->call()
#8 /mnt/hgfs/web/cartesius/app/vendor/slim/slim/Slim/Slim.php(1251): Slim\Middleware\PrettyExceptions->call()
#9 /mnt/hgfs/web/cartesius/public_html/index.php(245): Slim\Slim->run()
#10 {main}
ERROR - 2013-10-16T16:54:21+00:00 - exception 'ErrorException' with message 'Undefined index: userid' in /mnt/hgfs/web/cartesius/public_html/index.php:78
Stack trace:
#0 /mnt/hgfs/web/cartesius/public_html/index.php(78): Slim\Slim::handleErrors(8, 'Undefined index...', '/mnt/hgfs/web/c...', 78, Array)
#1 [internal function]: {closure}()
#2 /mnt/hgfs/web/cartesius/app/vendor/slim/slim/Slim/Route.php(436): call_user_func_array(Object(Closure), Array)
#3 /mnt/hgfs/web/cartesius/app/vendor/slim/slim/Slim/Slim.php(1302): Slim\Route->dispatch()
#4 /mnt/hgfs/web/cartesius/app/vendor/slim/slim/Slim/Middleware/Flash.php(85): Slim\Slim->call()
#5 /mnt/hgfs/web/cartesius/app/vendor/slim/slim/Slim/Middleware/MethodOverride.php(92): Slim\Middleware\Flash->call()
#6 /mnt/hgfs/web/cartesius/app/vendor/slim/slim/Slim/Middleware/SessionCookie.php(117): Slim\Middleware\MethodOverride->call()
#7 /mnt/hgfs/web/cartesius/app/vendor/slim/slim/Slim/Middleware/PrettyExceptions.php(67): Slim\Middleware\SessionCookie->call()
#8 /mnt/hgfs/web/cartesius/app/vendor/slim/slim/Slim/Slim.php(1251): Slim\Middleware\PrettyExceptions->call()
#9 /mnt/hgfs/web/cartesius/public_html/index.php(246): Slim\Slim->run()
#10 {main}
ERROR - 2013-10-16T16:54:43+00:00 - exception 'ErrorException' with message 'DOMDocument::load(): Opening and ending tag mismatch: link line 59 and head in /mnt/hgfs/web/cartesius/app/modules/cartesius/template.xsl, line: 65' in /mnt/hgfs/web/cartesius/app/lib/XSLT.php:77
Stack trace:
#0 [internal function]: Slim\Slim::handleErrors(2, 'DOMDocument::lo...', '/mnt/hgfs/web/c...', 77, Array)
#1 /mnt/hgfs/web/cartesius/app/lib/XSLT.php(77): DOMDocument->load('/mnt/hgfs/web/c...')
#2 /mnt/hgfs/web/cartesius/app/vendor/slim/slim/Slim/View.php(252): Slim\Extras\Views\XSLT->render('cartesius/templ...')
#3 /mnt/hgfs/web/cartesius/app/vendor/slim/slim/Slim/View.php(242): Slim\View->fetch('cartesius/templ...')
#4 /mnt/hgfs/web/cartesius/app/vendor/slim/slim/Slim/Slim.php(742): Slim\View->display('cartesius/templ...')
#5 /mnt/hgfs/web/cartesius/public_html/index.php(82): Slim\Slim->render('cartesius/templ...', Array)
#6 [internal function]: {closure}()
#7 /mnt/hgfs/web/cartesius/app/vendor/slim/slim/Slim/Route.php(436): call_user_func_array(Object(Closure), Array)
#8 /mnt/hgfs/web/cartesius/app/vendor/slim/slim/Slim/Slim.php(1302): Slim\Route->dispatch()
#9 /mnt/hgfs/web/cartesius/app/vendor/slim/slim/Slim/Middleware/Flash.php(85): Slim\Slim->call()
#10 /mnt/hgfs/web/cartesius/app/vendor/slim/slim/Slim/Middleware/MethodOverride.php(92): Slim\Middleware\Flash->call()
#11 /mnt/hgfs/web/cartesius/app/vendor/slim/slim/Slim/Middleware/SessionCookie.php(117): Slim\Middleware\MethodOverride->call()
#12 /mnt/hgfs/web/cartesius/app/vendor/slim/slim/Slim/Middleware/PrettyExceptions.php(67): Slim\Middleware\SessionCookie->call()
#13 /mnt/hgfs/web/cartesius/app/vendor/slim/slim/Slim/Slim.php(1251): Slim\Middleware\PrettyExceptions->call()
#14 /mnt/hgfs/web/cartesius/public_html/index.php(245): Slim\Slim->run()
#15 {main}
