ERROR - 2013-11-01T03:26:07-07:00 - exception 'ErrorException' with message 'DOMDocument::load(): Comment not terminated 
&lt;!--&lt;xsl:call-template name=&quot;edit.project.team&quot; /&gt;
			 in /media/shared/projects/Cartesius/web/cartesius/app/modules/breeze/test/view.xsl, line: 26' in /media/shared/projects/Cartesius/web/cartesius/app/lib/XSLT.php:77
Stack trace:
#0 [internal function]: Slim\Slim::handleErrors(2, 'DOMDocument::lo...', '/media/shared/p...', 77, Array)
#1 /media/shared/projects/Cartesius/web/cartesius/app/lib/XSLT.php(77): DOMDocument->load('/opt/lappstack-...')
#2 /media/shared/projects/Cartesius/web/cartesius/app/vendor/slim/slim/Slim/View.php(252): Slim\Extras\Views\XSLT->render('breeze/test/vie...')
#3 /media/shared/projects/Cartesius/web/cartesius/app/vendor/slim/slim/Slim/View.php(242): Slim\View->fetch('breeze/test/vie...')
#4 /media/shared/projects/Cartesius/web/cartesius/app/vendor/slim/slim/Slim/Slim.php(742): Slim\View->display('breeze/test/vie...')
#5 /media/shared/projects/Cartesius/web/cartesius/public_html/index.php(158): Slim\Slim->render('breeze/test/vie...', Array)
#6 [internal function]: {closure}('breeze', 'test', 'view')
#7 /media/shared/projects/Cartesius/web/cartesius/app/vendor/slim/slim/Slim/Route.php(436): call_user_func_array(Object(Closure), Array)
#8 /media/shared/projects/Cartesius/web/cartesius/app/vendor/slim/slim/Slim/Slim.php(1302): Slim\Route->dispatch()
#9 /media/shared/projects/Cartesius/web/cartesius/app/vendor/slim/slim/Slim/Middleware/Flash.php(85): Slim\Slim->call()
#10 /media/shared/projects/Cartesius/web/cartesius/app/vendor/slim/slim/Slim/Middleware/MethodOverride.php(92): Slim\Middleware\Flash->call()
#11 /media/shared/projects/Cartesius/web/cartesius/app/vendor/slim/slim/Slim/Middleware/SessionCookie.php(117): Slim\Middleware\MethodOverride->call()
#12 /media/shared/projects/Cartesius/web/cartesius/app/vendor/slim/slim/Slim/Middleware/PrettyExceptions.php(67): Slim\Middleware\SessionCookie->call()
#13 /media/shared/projects/Cartesius/web/cartesius/app/vendor/slim/slim/Slim/Slim.php(1251): Slim\Middleware\PrettyExceptions->call()
#14 /media/shared/projects/Cartesius/web/cartesius/public_html/index.php(344): Slim\Slim->run()
#15 {main}
