ERROR - 2013-09-30T13:14:40+00:00 - exception 'ErrorException' with message 'array_merge(): Argument #1 is not an array' in /mnt/hgfs/web/cartesius/public_html/index.php:156
Stack trace:
#0 [internal function]: Slim\Slim::handleErrors(2, 'array_merge(): ...', '/mnt/hgfs/web/c...', 156, Array)
#1 /mnt/hgfs/web/cartesius/public_html/index.php(156): array_merge(NULL, Object(stdClass))
#2 [internal function]: {closure}('geo', 'layers')
#3 /mnt/hgfs/web/cartesius/app/vendor/slim/slim/Slim/Route.php(436): call_user_func_array(Object(Closure), Array)
#4 /mnt/hgfs/web/cartesius/app/vendor/slim/slim/Slim/Slim.php(1302): Slim\Route->dispatch()
#5 /mnt/hgfs/web/cartesius/app/vendor/slim/slim/Slim/Middleware/Flash.php(85): Slim\Slim->call()
#6 /mnt/hgfs/web/cartesius/app/vendor/slim/slim/Slim/Middleware/MethodOverride.php(92): Slim\Middleware\Flash->call()
#7 /mnt/hgfs/web/cartesius/app/vendor/slim/slim/Slim/Middleware/SessionCookie.php(117): Slim\Middleware\MethodOverride->call()
#8 /mnt/hgfs/web/cartesius/app/lib/GoogleOAuth.php(74): Slim\Middleware\SessionCookie->call()
#9 /mnt/hgfs/web/cartesius/app/vendor/slim/slim/Slim/Middleware/PrettyExceptions.php(67): Slim\Extras\Middleware\GoogleOAuth->call()
#10 /mnt/hgfs/web/cartesius/app/vendor/slim/slim/Slim/Slim.php(1251): Slim\Middleware\PrettyExceptions->call()
#11 /mnt/hgfs/web/cartesius/public_html/index.php(237): Slim\Slim->run()
#12 {main}
ERROR - 2013-09-30T13:15:04+00:00 - exception 'ErrorException' with message 'array_merge(): Argument #1 is not an array' in /mnt/hgfs/web/cartesius/public_html/index.php:156
Stack trace:
#0 [internal function]: Slim\Slim::handleErrors(2, 'array_merge(): ...', '/mnt/hgfs/web/c...', 156, Array)
#1 /mnt/hgfs/web/cartesius/public_html/index.php(156): array_merge(NULL, Array)
#2 [internal function]: {closure}('geo', 'layers')
#3 /mnt/hgfs/web/cartesius/app/vendor/slim/slim/Slim/Route.php(436): call_user_func_array(Object(Closure), Array)
#4 /mnt/hgfs/web/cartesius/app/vendor/slim/slim/Slim/Slim.php(1302): Slim\Route->dispatch()
#5 /mnt/hgfs/web/cartesius/app/vendor/slim/slim/Slim/Middleware/Flash.php(85): Slim\Slim->call()
#6 /mnt/hgfs/web/cartesius/app/vendor/slim/slim/Slim/Middleware/MethodOverride.php(92): Slim\Middleware\Flash->call()
#7 /mnt/hgfs/web/cartesius/app/vendor/slim/slim/Slim/Middleware/SessionCookie.php(117): Slim\Middleware\MethodOverride->call()
#8 /mnt/hgfs/web/cartesius/app/lib/GoogleOAuth.php(74): Slim\Middleware\SessionCookie->call()
#9 /mnt/hgfs/web/cartesius/app/vendor/slim/slim/Slim/Middleware/PrettyExceptions.php(67): Slim\Extras\Middleware\GoogleOAuth->call()
#10 /mnt/hgfs/web/cartesius/app/vendor/slim/slim/Slim/Slim.php(1251): Slim\Middleware\PrettyExceptions->call()
#11 /mnt/hgfs/web/cartesius/public_html/index.php(237): Slim\Slim->run()
#12 {main}
ERROR - 2013-09-30T13:21:38+00:00 - exception 'ErrorException' with message 'array_merge(): Argument #1 is not an array' in /mnt/hgfs/web/cartesius/public_html/index.php:156
Stack trace:
#0 [internal function]: Slim\Slim::handleErrors(2, 'array_merge(): ...', '/mnt/hgfs/web/c...', 156, Array)
#1 /mnt/hgfs/web/cartesius/public_html/index.php(156): array_merge(NULL, Array)
#2 [internal function]: {closure}('geo', 'layers')
#3 /mnt/hgfs/web/cartesius/app/vendor/slim/slim/Slim/Route.php(436): call_user_func_array(Object(Closure), Array)
#4 /mnt/hgfs/web/cartesius/app/vendor/slim/slim/Slim/Slim.php(1302): Slim\Route->dispatch()
#5 /mnt/hgfs/web/cartesius/app/vendor/slim/slim/Slim/Middleware/Flash.php(85): Slim\Slim->call()
#6 /mnt/hgfs/web/cartesius/app/vendor/slim/slim/Slim/Middleware/MethodOverride.php(92): Slim\Middleware\Flash->call()
#7 /mnt/hgfs/web/cartesius/app/vendor/slim/slim/Slim/Middleware/SessionCookie.php(117): Slim\Middleware\MethodOverride->call()
#8 /mnt/hgfs/web/cartesius/app/lib/GoogleOAuth.php(74): Slim\Middleware\SessionCookie->call()
#9 /mnt/hgfs/web/cartesius/app/vendor/slim/slim/Slim/Middleware/PrettyExceptions.php(67): Slim\Extras\Middleware\GoogleOAuth->call()
#10 /mnt/hgfs/web/cartesius/app/vendor/slim/slim/Slim/Slim.php(1251): Slim\Middleware\PrettyExceptions->call()
#11 /mnt/hgfs/web/cartesius/public_html/index.php(237): Slim\Slim->run()
#12 {main}
ERROR - 2013-09-30T13:34:35+00:00 - exception 'ErrorException' with message 'array_merge_recursive(): Argument #1 is not an array' in /mnt/hgfs/web/cartesius/public_html/index.php:156
Stack trace:
#0 [internal function]: Slim\Slim::handleErrors(2, 'array_merge_rec...', '/mnt/hgfs/web/c...', 156, Array)
#1 /mnt/hgfs/web/cartesius/public_html/index.php(156): array_merge_recursive(NULL, NULL)
#2 [internal function]: {closure}('geo', 'layers')
#3 /mnt/hgfs/web/cartesius/app/vendor/slim/slim/Slim/Route.php(436): call_user_func_array(Object(Closure), Array)
#4 /mnt/hgfs/web/cartesius/app/vendor/slim/slim/Slim/Slim.php(1302): Slim\Route->dispatch()
#5 /mnt/hgfs/web/cartesius/app/vendor/slim/slim/Slim/Middleware/Flash.php(85): Slim\Slim->call()
#6 /mnt/hgfs/web/cartesius/app/vendor/slim/slim/Slim/Middleware/MethodOverride.php(92): Slim\Middleware\Flash->call()
#7 /mnt/hgfs/web/cartesius/app/vendor/slim/slim/Slim/Middleware/SessionCookie.php(117): Slim\Middleware\MethodOverride->call()
#8 /mnt/hgfs/web/cartesius/app/lib/GoogleOAuth.php(74): Slim\Middleware\SessionCookie->call()
#9 /mnt/hgfs/web/cartesius/app/vendor/slim/slim/Slim/Middleware/PrettyExceptions.php(67): Slim\Extras\Middleware\GoogleOAuth->call()
#10 /mnt/hgfs/web/cartesius/app/vendor/slim/slim/Slim/Slim.php(1251): Slim\Middleware\PrettyExceptions->call()
#11 /mnt/hgfs/web/cartesius/public_html/index.php(237): Slim\Slim->run()
#12 {main}
ERROR - 2013-09-30T15:37:51+00:00 - exception 'ErrorException' with message 'Undefined index: userid' in /mnt/hgfs/web/cartesius/public_html/index.php:74
Stack trace:
#0 /mnt/hgfs/web/cartesius/public_html/index.php(74): Slim\Slim::handleErrors(8, 'Undefined index...', '/mnt/hgfs/web/c...', 74, Array)
#1 [internal function]: {closure}()
#2 /mnt/hgfs/web/cartesius/app/vendor/slim/slim/Slim/Route.php(436): call_user_func_array(Object(Closure), Array)
#3 /mnt/hgfs/web/cartesius/app/vendor/slim/slim/Slim/Slim.php(1302): Slim\Route->dispatch()
#4 /mnt/hgfs/web/cartesius/app/vendor/slim/slim/Slim/Middleware/Flash.php(85): Slim\Slim->call()
#5 /mnt/hgfs/web/cartesius/app/vendor/slim/slim/Slim/Middleware/MethodOverride.php(92): Slim\Middleware\Flash->call()
#6 /mnt/hgfs/web/cartesius/app/vendor/slim/slim/Slim/Middleware/SessionCookie.php(117): Slim\Middleware\MethodOverride->call()
#7 /mnt/hgfs/web/cartesius/app/vendor/slim/slim/Slim/Middleware/PrettyExceptions.php(67): Slim\Middleware\SessionCookie->call()
#8 /mnt/hgfs/web/cartesius/app/vendor/slim/slim/Slim/Slim.php(1251): Slim\Middleware\PrettyExceptions->call()
#9 /mnt/hgfs/web/cartesius/public_html/index.php(238): Slim\Slim->run()
#10 {main}
ERROR - 2013-09-30T15:40:31+00:00 - exception 'ErrorException' with message 'Trying to get property of non-object' in /mnt/hgfs/web/cartesius/public_html/index.php:157
Stack trace:
#0 /mnt/hgfs/web/cartesius/public_html/index.php(157): Slim\Slim::handleErrors(8, 'Trying to get p...', '/mnt/hgfs/web/c...', 157, Array)
#1 [internal function]: {closure}('geo', 'layers')
#2 /mnt/hgfs/web/cartesius/app/vendor/slim/slim/Slim/Route.php(436): call_user_func_array(Object(Closure), Array)
#3 /mnt/hgfs/web/cartesius/app/vendor/slim/slim/Slim/Slim.php(1302): Slim\Route->dispatch()
#4 /mnt/hgfs/web/cartesius/app/vendor/slim/slim/Slim/Middleware/Flash.php(85): Slim\Slim->call()
#5 /mnt/hgfs/web/cartesius/app/vendor/slim/slim/Slim/Middleware/MethodOverride.php(92): Slim\Middleware\Flash->call()
#6 /mnt/hgfs/web/cartesius/app/vendor/slim/slim/Slim/Middleware/SessionCookie.php(117): Slim\Middleware\MethodOverride->call()
#7 /mnt/hgfs/web/cartesius/app/lib/GoogleOAuth.php(74): Slim\Middleware\SessionCookie->call()
#8 /mnt/hgfs/web/cartesius/app/vendor/slim/slim/Slim/Middleware/PrettyExceptions.php(67): Slim\Extras\Middleware\GoogleOAuth->call()
#9 /mnt/hgfs/web/cartesius/app/vendor/slim/slim/Slim/Slim.php(1251): Slim\Middleware\PrettyExceptions->call()
#10 /mnt/hgfs/web/cartesius/public_html/index.php(238): Slim\Slim->run()
#11 {main}
ERROR - 2013-09-30T15:41:57+00:00 - exception 'ErrorException' with message 'Undefined variable: PREFS' in /mnt/hgfs/web/cartesius/public_html/index.php:160
Stack trace:
#0 /mnt/hgfs/web/cartesius/public_html/index.php(160): Slim\Slim::handleErrors(8, 'Undefined varia...', '/mnt/hgfs/web/c...', 160, Array)
#1 [internal function]: {closure}('geo', 'layers')
#2 /mnt/hgfs/web/cartesius/app/vendor/slim/slim/Slim/Route.php(436): call_user_func_array(Object(Closure), Array)
#3 /mnt/hgfs/web/cartesius/app/vendor/slim/slim/Slim/Slim.php(1302): Slim\Route->dispatch()
#4 /mnt/hgfs/web/cartesius/app/vendor/slim/slim/Slim/Middleware/Flash.php(85): Slim\Slim->call()
#5 /mnt/hgfs/web/cartesius/app/vendor/slim/slim/Slim/Middleware/MethodOverride.php(92): Slim\Middleware\Flash->call()
#6 /mnt/hgfs/web/cartesius/app/vendor/slim/slim/Slim/Middleware/SessionCookie.php(117): Slim\Middleware\MethodOverride->call()
#7 /mnt/hgfs/web/cartesius/app/lib/GoogleOAuth.php(74): Slim\Middleware\SessionCookie->call()
#8 /mnt/hgfs/web/cartesius/app/vendor/slim/slim/Slim/Middleware/PrettyExceptions.php(67): Slim\Extras\Middleware\GoogleOAuth->call()
#9 /mnt/hgfs/web/cartesius/app/vendor/slim/slim/Slim/Slim.php(1251): Slim\Middleware\PrettyExceptions->call()
#10 /mnt/hgfs/web/cartesius/public_html/index.php(236): Slim\Slim->run()
#11 {main}
ERROR - 2013-09-30T17:37:48+00:00 - exception 'ErrorException' with message 'XSLTProcessor::importStylesheet(): Invalid expression' in /mnt/hgfs/web/cartesius/app/lib/XSLT.php:80
Stack trace:
#0 [internal function]: Slim\Slim::handleErrors(2, 'XSLTProcessor::...', '/mnt/hgfs/web/c...', 80, Array)
#1 /mnt/hgfs/web/cartesius/app/lib/XSLT.php(80): XSLTProcessor->importStylesheet(Object(DOMDocument))
#2 /mnt/hgfs/web/cartesius/app/vendor/slim/slim/Slim/View.php(252): Slim\Extras\Views\XSLT->render('geo/layers/view...')
#3 /mnt/hgfs/web/cartesius/app/vendor/slim/slim/Slim/View.php(242): Slim\View->fetch('geo/layers/view...')
#4 /mnt/hgfs/web/cartesius/app/vendor/slim/slim/Slim/Slim.php(742): Slim\View->display('geo/layers/view...')
#5 /mnt/hgfs/web/cartesius/public_html/index.php(142): Slim\Slim->render('geo/layers/view...', Array)
#6 [internal function]: {closure}('geo', 'layers', 'view')
#7 /mnt/hgfs/web/cartesius/app/vendor/slim/slim/Slim/Route.php(436): call_user_func_array(Object(Closure), Array)
#8 /mnt/hgfs/web/cartesius/app/vendor/slim/slim/Slim/Slim.php(1302): Slim\Route->dispatch()
#9 /mnt/hgfs/web/cartesius/app/vendor/slim/slim/Slim/Middleware/Flash.php(85): Slim\Slim->call()
#10 /mnt/hgfs/web/cartesius/app/vendor/slim/slim/Slim/Middleware/MethodOverride.php(92): Slim\Middleware\Flash->call()
#11 /mnt/hgfs/web/cartesius/app/vendor/slim/slim/Slim/Middleware/SessionCookie.php(117): Slim\Middleware\MethodOverride->call()
#12 /mnt/hgfs/web/cartesius/app/lib/GoogleOAuth.php(74): Slim\Middleware\SessionCookie->call()
#13 /mnt/hgfs/web/cartesius/app/vendor/slim/slim/Slim/Middleware/PrettyExceptions.php(67): Slim\Extras\Middleware\GoogleOAuth->call()
#14 /mnt/hgfs/web/cartesius/app/vendor/slim/slim/Slim/Slim.php(1251): Slim\Middleware\PrettyExceptions->call()
#15 /mnt/hgfs/web/cartesius/public_html/index.php(239): Slim\Slim->run()
#16 {main}
ERROR - 2013-09-30T17:41:30+00:00 - exception 'ErrorException' with message 'DOMDocument::load(): Unescaped '&lt;' not allowed in attributes values in /mnt/hgfs/web/cartesius/app/modules/geo/layers/view.xsl, line: 12' in /mnt/hgfs/web/cartesius/app/lib/XSLT.php:77
Stack trace:
#0 [internal function]: Slim\Slim::handleErrors(2, 'DOMDocument::lo...', '/mnt/hgfs/web/c...', 77, Array)
#1 /mnt/hgfs/web/cartesius/app/lib/XSLT.php(77): DOMDocument->load('/mnt/hgfs/web/c...')
#2 /mnt/hgfs/web/cartesius/app/vendor/slim/slim/Slim/View.php(252): Slim\Extras\Views\XSLT->render('geo/layers/view...')
#3 /mnt/hgfs/web/cartesius/app/vendor/slim/slim/Slim/View.php(242): Slim\View->fetch('geo/layers/view...')
#4 /mnt/hgfs/web/cartesius/app/vendor/slim/slim/Slim/Slim.php(742): Slim\View->display('geo/layers/view...')
#5 /mnt/hgfs/web/cartesius/public_html/index.php(142): Slim\Slim->render('geo/layers/view...', Array)
#6 [internal function]: {closure}('geo', 'layers', 'view')
#7 /mnt/hgfs/web/cartesius/app/vendor/slim/slim/Slim/Route.php(436): call_user_func_array(Object(Closure), Array)
#8 /mnt/hgfs/web/cartesius/app/vendor/slim/slim/Slim/Slim.php(1302): Slim\Route->dispatch()
#9 /mnt/hgfs/web/cartesius/app/vendor/slim/slim/Slim/Middleware/Flash.php(85): Slim\Slim->call()
#10 /mnt/hgfs/web/cartesius/app/vendor/slim/slim/Slim/Middleware/MethodOverride.php(92): Slim\Middleware\Flash->call()
#11 /mnt/hgfs/web/cartesius/app/vendor/slim/slim/Slim/Middleware/SessionCookie.php(117): Slim\Middleware\MethodOverride->call()
#12 /mnt/hgfs/web/cartesius/app/lib/GoogleOAuth.php(74): Slim\Middleware\SessionCookie->call()
#13 /mnt/hgfs/web/cartesius/app/vendor/slim/slim/Slim/Middleware/PrettyExceptions.php(67): Slim\Extras\Middleware\GoogleOAuth->call()
#14 /mnt/hgfs/web/cartesius/app/vendor/slim/slim/Slim/Slim.php(1251): Slim\Middleware\PrettyExceptions->call()
#15 /mnt/hgfs/web/cartesius/public_html/index.php(239): Slim\Slim->run()
#16 {main}
ERROR - 2013-09-30T17:42:58+00:00 - exception 'ErrorException' with message 'DOMDocument::load(): Opening and ending tag mismatch: template line 11 and div in /mnt/hgfs/web/cartesius/app/modules/geo/layers/view.xsl, line: 30' in /mnt/hgfs/web/cartesius/app/lib/XSLT.php:77
Stack trace:
#0 [internal function]: Slim\Slim::handleErrors(2, 'DOMDocument::lo...', '/mnt/hgfs/web/c...', 77, Array)
#1 /mnt/hgfs/web/cartesius/app/lib/XSLT.php(77): DOMDocument->load('/mnt/hgfs/web/c...')
#2 /mnt/hgfs/web/cartesius/app/vendor/slim/slim/Slim/View.php(252): Slim\Extras\Views\XSLT->render('geo/layers/view...')
#3 /mnt/hgfs/web/cartesius/app/vendor/slim/slim/Slim/View.php(242): Slim\View->fetch('geo/layers/view...')
#4 /mnt/hgfs/web/cartesius/app/vendor/slim/slim/Slim/Slim.php(742): Slim\View->display('geo/layers/view...')
#5 /mnt/hgfs/web/cartesius/public_html/index.php(142): Slim\Slim->render('geo/layers/view...', Array)
#6 [internal function]: {closure}('geo', 'layers', 'view')
#7 /mnt/hgfs/web/cartesius/app/vendor/slim/slim/Slim/Route.php(436): call_user_func_array(Object(Closure), Array)
#8 /mnt/hgfs/web/cartesius/app/vendor/slim/slim/Slim/Slim.php(1302): Slim\Route->dispatch()
#9 /mnt/hgfs/web/cartesius/app/vendor/slim/slim/Slim/Middleware/Flash.php(85): Slim\Slim->call()
#10 /mnt/hgfs/web/cartesius/app/vendor/slim/slim/Slim/Middleware/MethodOverride.php(92): Slim\Middleware\Flash->call()
#11 /mnt/hgfs/web/cartesius/app/vendor/slim/slim/Slim/Middleware/SessionCookie.php(117): Slim\Middleware\MethodOverride->call()
#12 /mnt/hgfs/web/cartesius/app/lib/GoogleOAuth.php(74): Slim\Middleware\SessionCookie->call()
#13 /mnt/hgfs/web/cartesius/app/vendor/slim/slim/Slim/Middleware/PrettyExceptions.php(67): Slim\Extras\Middleware\GoogleOAuth->call()
#14 /mnt/hgfs/web/cartesius/app/vendor/slim/slim/Slim/Slim.php(1251): Slim\Middleware\PrettyExceptions->call()
#15 /mnt/hgfs/web/cartesius/public_html/index.php(239): Slim\Slim->run()
#16 {main}
ERROR - 2013-09-30T17:43:36+00:00 - exception 'ErrorException' with message 'DOMDocument::load(): Opening and ending tag mismatch: template line 11 and div in /mnt/hgfs/web/cartesius/app/modules/geo/layers/view.xsl, line: 30' in /mnt/hgfs/web/cartesius/app/lib/XSLT.php:77
Stack trace:
#0 [internal function]: Slim\Slim::handleErrors(2, 'DOMDocument::lo...', '/mnt/hgfs/web/c...', 77, Array)
#1 /mnt/hgfs/web/cartesius/app/lib/XSLT.php(77): DOMDocument->load('/mnt/hgfs/web/c...')
#2 /mnt/hgfs/web/cartesius/app/vendor/slim/slim/Slim/View.php(252): Slim\Extras\Views\XSLT->render('geo/layers/view...')
#3 /mnt/hgfs/web/cartesius/app/vendor/slim/slim/Slim/View.php(242): Slim\View->fetch('geo/layers/view...')
#4 /mnt/hgfs/web/cartesius/app/vendor/slim/slim/Slim/Slim.php(742): Slim\View->display('geo/layers/view...')
#5 /mnt/hgfs/web/cartesius/public_html/index.php(142): Slim\Slim->render('geo/layers/view...', Array)
#6 [internal function]: {closure}('geo', 'layers', 'view')
#7 /mnt/hgfs/web/cartesius/app/vendor/slim/slim/Slim/Route.php(436): call_user_func_array(Object(Closure), Array)
#8 /mnt/hgfs/web/cartesius/app/vendor/slim/slim/Slim/Slim.php(1302): Slim\Route->dispatch()
#9 /mnt/hgfs/web/cartesius/app/vendor/slim/slim/Slim/Middleware/Flash.php(85): Slim\Slim->call()
#10 /mnt/hgfs/web/cartesius/app/vendor/slim/slim/Slim/Middleware/MethodOverride.php(92): Slim\Middleware\Flash->call()
#11 /mnt/hgfs/web/cartesius/app/vendor/slim/slim/Slim/Middleware/SessionCookie.php(117): Slim\Middleware\MethodOverride->call()
#12 /mnt/hgfs/web/cartesius/app/lib/GoogleOAuth.php(74): Slim\Middleware\SessionCookie->call()
#13 /mnt/hgfs/web/cartesius/app/vendor/slim/slim/Slim/Middleware/PrettyExceptions.php(67): Slim\Extras\Middleware\GoogleOAuth->call()
#14 /mnt/hgfs/web/cartesius/app/vendor/slim/slim/Slim/Slim.php(1251): Slim\Middleware\PrettyExceptions->call()
#15 /mnt/hgfs/web/cartesius/public_html/index.php(239): Slim\Slim->run()
#16 {main}
ERROR - 2013-09-30T17:44:15+00:00 - exception 'ErrorException' with message 'DOMDocument::load(): expected '&gt;' in /mnt/hgfs/web/cartesius/app/modules/geo/layers/view.xsl, line: 12' in /mnt/hgfs/web/cartesius/app/lib/XSLT.php:77
Stack trace:
#0 [internal function]: Slim\Slim::handleErrors(2, 'DOMDocument::lo...', '/mnt/hgfs/web/c...', 77, Array)
#1 /mnt/hgfs/web/cartesius/app/lib/XSLT.php(77): DOMDocument->load('/mnt/hgfs/web/c...')
#2 /mnt/hgfs/web/cartesius/app/vendor/slim/slim/Slim/View.php(252): Slim\Extras\Views\XSLT->render('geo/layers/view...')
#3 /mnt/hgfs/web/cartesius/app/vendor/slim/slim/Slim/View.php(242): Slim\View->fetch('geo/layers/view...')
#4 /mnt/hgfs/web/cartesius/app/vendor/slim/slim/Slim/Slim.php(742): Slim\View->display('geo/layers/view...')
#5 /mnt/hgfs/web/cartesius/public_html/index.php(142): Slim\Slim->render('geo/layers/view...', Array)
#6 [internal function]: {closure}('geo', 'layers', 'view')
#7 /mnt/hgfs/web/cartesius/app/vendor/slim/slim/Slim/Route.php(436): call_user_func_array(Object(Closure), Array)
#8 /mnt/hgfs/web/cartesius/app/vendor/slim/slim/Slim/Slim.php(1302): Slim\Route->dispatch()
#9 /mnt/hgfs/web/cartesius/app/vendor/slim/slim/Slim/Middleware/Flash.php(85): Slim\Slim->call()
#10 /mnt/hgfs/web/cartesius/app/vendor/slim/slim/Slim/Middleware/MethodOverride.php(92): Slim\Middleware\Flash->call()
#11 /mnt/hgfs/web/cartesius/app/vendor/slim/slim/Slim/Middleware/SessionCookie.php(117): Slim\Middleware\MethodOverride->call()
#12 /mnt/hgfs/web/cartesius/app/lib/GoogleOAuth.php(74): Slim\Middleware\SessionCookie->call()
#13 /mnt/hgfs/web/cartesius/app/vendor/slim/slim/Slim/Middleware/PrettyExceptions.php(67): Slim\Extras\Middleware\GoogleOAuth->call()
#14 /mnt/hgfs/web/cartesius/app/vendor/slim/slim/Slim/Slim.php(1251): Slim\Middleware\PrettyExceptions->call()
#15 /mnt/hgfs/web/cartesius/public_html/index.php(239): Slim\Slim->run()
#16 {main}
ERROR - 2013-09-30T17:44:31+00:00 - exception 'ErrorException' with message 'XSLTProcessor::importStylesheet(): compilation error: file /mnt/hgfs/web/cartesius/app/modules/geo/layers/view.xsl line 12 element attribute' in /mnt/hgfs/web/cartesius/app/lib/XSLT.php:80
Stack trace:
#0 [internal function]: Slim\Slim::handleErrors(2, 'XSLTProcessor::...', '/mnt/hgfs/web/c...', 80, Array)
#1 /mnt/hgfs/web/cartesius/app/lib/XSLT.php(80): XSLTProcessor->importStylesheet(Object(DOMDocument))
#2 /mnt/hgfs/web/cartesius/app/vendor/slim/slim/Slim/View.php(252): Slim\Extras\Views\XSLT->render('geo/layers/view...')
#3 /mnt/hgfs/web/cartesius/app/vendor/slim/slim/Slim/View.php(242): Slim\View->fetch('geo/layers/view...')
#4 /mnt/hgfs/web/cartesius/app/vendor/slim/slim/Slim/Slim.php(742): Slim\View->display('geo/layers/view...')
#5 /mnt/hgfs/web/cartesius/public_html/index.php(142): Slim\Slim->render('geo/layers/view...', Array)
#6 [internal function]: {closure}('geo', 'layers', 'view')
#7 /mnt/hgfs/web/cartesius/app/vendor/slim/slim/Slim/Route.php(436): call_user_func_array(Object(Closure), Array)
#8 /mnt/hgfs/web/cartesius/app/vendor/slim/slim/Slim/Slim.php(1302): Slim\Route->dispatch()
#9 /mnt/hgfs/web/cartesius/app/vendor/slim/slim/Slim/Middleware/Flash.php(85): Slim\Slim->call()
#10 /mnt/hgfs/web/cartesius/app/vendor/slim/slim/Slim/Middleware/MethodOverride.php(92): Slim\Middleware\Flash->call()
#11 /mnt/hgfs/web/cartesius/app/vendor/slim/slim/Slim/Middleware/SessionCookie.php(117): Slim\Middleware\MethodOverride->call()
#12 /mnt/hgfs/web/cartesius/app/lib/GoogleOAuth.php(74): Slim\Middleware\SessionCookie->call()
#13 /mnt/hgfs/web/cartesius/app/vendor/slim/slim/Slim/Middleware/PrettyExceptions.php(67): Slim\Extras\Middleware\GoogleOAuth->call()
#14 /mnt/hgfs/web/cartesius/app/vendor/slim/slim/Slim/Slim.php(1251): Slim\Middleware\PrettyExceptions->call()
#15 /mnt/hgfs/web/cartesius/public_html/index.php(239): Slim\Slim->run()
#16 {main}
