ERROR - 2013-11-09T05:28:11-08:00 - exception 'ErrorException' with message 'PDOStatement::execute(): SQLSTATE[22P02]: Invalid text representation: 7 ERROR:  invalid input syntax for integer: &quot;'1'&quot;' in /media/shared/projects/Cartesius/web/cartesius.durandal/app/vendor/j4mie/idiorm/idiorm.php:413
Stack trace:
#0 [internal function]: Slim\Slim::handleErrors(2, 'PDOStatement::e...', '/media/shared/p...', 413, Array)
#1 /media/shared/projects/Cartesius/web/cartesius.durandal/app/vendor/j4mie/idiorm/idiorm.php(413): PDOStatement->execute(Array)
#2 /media/shared/projects/Cartesius/web/cartesius.durandal/app/vendor/j4mie/idiorm/idiorm.php(1604): ORM::_execute('SELECT * FROM "...', Array, 'cartesius')
#3 /media/shared/projects/Cartesius/web/cartesius.durandal/app/vendor/j4mie/idiorm/idiorm.php(612): ORM->_run()
#4 /media/shared/projects/Cartesius/web/cartesius.durandal/app/lib/XMLORM.php(49): ORM->_find_many()
#5 /media/shared/projects/Cartesius/web/cartesius.durandal/app/vendor/j4mie/idiorm/idiorm.php(599): XMLORM->find_result_set()
#6 /media/shared/projects/Cartesius/web/cartesius.durandal/app/lib/WebApiAdapter.php(303): ORM->find_many()
#7 /media/shared/projects/Cartesius/web/cartesius.durandal/public_html/index.php(181): WebApiAdapter::data('Project', Array)
#8 [internal function]: {closure}('Project')
#9 /media/shared/projects/Cartesius/web/cartesius.durandal/app/vendor/slim/slim/Slim/Route.php(436): call_user_func_array(Object(Closure), Array)
#10 /media/shared/projects/Cartesius/web/cartesius.durandal/app/vendor/slim/slim/Slim/Slim.php(1302): Slim\Route->dispatch()
#11 /media/shared/projects/Cartesius/web/cartesius.durandal/app/vendor/slim/slim/Slim/Middleware/Flash.php(85): Slim\Slim->call()
#12 /media/shared/projects/Cartesius/web/cartesius.durandal/app/vendor/slim/slim/Slim/Middleware/MethodOverride.php(92): Slim\Middleware\Flash->call()
#13 /media/shared/projects/Cartesius/web/cartesius.durandal/app/vendor/slim/slim/Slim/Middleware/SessionCookie.php(117): Slim\Middleware\MethodOverride->call()
#14 /media/shared/projects/Cartesius/web/cartesius.durandal/app/vendor/slim/slim/Slim/Middleware/PrettyExceptions.php(67): Slim\Middleware\SessionCookie->call()
#15 /media/shared/projects/Cartesius/web/cartesius.durandal/app/vendor/slim/slim/Slim/Slim.php(1251): Slim\Middleware\PrettyExceptions->call()
#16 /media/shared/projects/Cartesius/web/cartesius.durandal/public_html/index.php(185): Slim\Slim->run()
#17 {main}
ERROR - 2013-11-09T07:08:45-08:00 - exception 'ErrorException' with message 'file_put_contents(/opt/lappstack-5.4.19-0/apps/cartesius.dur/htdocs/cartesius/app/data/metadata.js): failed to open stream: Permission denied' in /media/shared/projects/Cartesius/web/cartesius.durandal/app/lib/WebApiAdapter.php:82
Stack trace:
#0 [internal function]: Slim\Slim::handleErrors(2, 'file_put_conten...', '/media/shared/p...', 82, Array)
#1 /media/shared/projects/Cartesius/web/cartesius.durandal/app/lib/WebApiAdapter.php(82): file_put_contents('/opt/lappstack-...', '{"dataServices"...')
#2 /media/shared/projects/Cartesius/web/cartesius.durandal/public_html/index.php(174): WebApiAdapter::show_metadata('/opt/lappstack-...')
#3 [internal function]: {closure}()
#4 /media/shared/projects/Cartesius/web/cartesius.durandal/app/vendor/slim/slim/Slim/Route.php(436): call_user_func_array(Object(Closure), Array)
#5 /media/shared/projects/Cartesius/web/cartesius.durandal/app/vendor/slim/slim/Slim/Slim.php(1302): Slim\Route->dispatch()
#6 /media/shared/projects/Cartesius/web/cartesius.durandal/app/vendor/slim/slim/Slim/Middleware/Flash.php(85): Slim\Slim->call()
#7 /media/shared/projects/Cartesius/web/cartesius.durandal/app/vendor/slim/slim/Slim/Middleware/MethodOverride.php(92): Slim\Middleware\Flash->call()
#8 /media/shared/projects/Cartesius/web/cartesius.durandal/app/vendor/slim/slim/Slim/Middleware/SessionCookie.php(117): Slim\Middleware\MethodOverride->call()
#9 /media/shared/projects/Cartesius/web/cartesius.durandal/app/vendor/slim/slim/Slim/Middleware/PrettyExceptions.php(67): Slim\Middleware\SessionCookie->call()
#10 /media/shared/projects/Cartesius/web/cartesius.durandal/app/vendor/slim/slim/Slim/Slim.php(1251): Slim\Middleware\PrettyExceptions->call()
#11 /media/shared/projects/Cartesius/web/cartesius.durandal/public_html/index.php(185): Slim\Slim->run()
#12 {main}
ERROR - 2013-11-09T07:08:58-08:00 - exception 'ErrorException' with message 'file_put_contents(/opt/lappstack-5.4.19-0/apps/cartesius.dur/htdocs/cartesius/app/data/metadata.js): failed to open stream: Permission denied' in /media/shared/projects/Cartesius/web/cartesius.durandal/app/lib/WebApiAdapter.php:82
Stack trace:
#0 [internal function]: Slim\Slim::handleErrors(2, 'file_put_conten...', '/media/shared/p...', 82, Array)
#1 /media/shared/projects/Cartesius/web/cartesius.durandal/app/lib/WebApiAdapter.php(82): file_put_contents('/opt/lappstack-...', '{"dataServices"...')
#2 /media/shared/projects/Cartesius/web/cartesius.durandal/public_html/index.php(174): WebApiAdapter::show_metadata('/opt/lappstack-...')
#3 [internal function]: {closure}()
#4 /media/shared/projects/Cartesius/web/cartesius.durandal/app/vendor/slim/slim/Slim/Route.php(436): call_user_func_array(Object(Closure), Array)
#5 /media/shared/projects/Cartesius/web/cartesius.durandal/app/vendor/slim/slim/Slim/Slim.php(1302): Slim\Route->dispatch()
#6 /media/shared/projects/Cartesius/web/cartesius.durandal/app/vendor/slim/slim/Slim/Middleware/Flash.php(85): Slim\Slim->call()
#7 /media/shared/projects/Cartesius/web/cartesius.durandal/app/vendor/slim/slim/Slim/Middleware/MethodOverride.php(92): Slim\Middleware\Flash->call()
#8 /media/shared/projects/Cartesius/web/cartesius.durandal/app/vendor/slim/slim/Slim/Middleware/SessionCookie.php(117): Slim\Middleware\MethodOverride->call()
#9 /media/shared/projects/Cartesius/web/cartesius.durandal/app/vendor/slim/slim/Slim/Middleware/PrettyExceptions.php(67): Slim\Middleware\SessionCookie->call()
#10 /media/shared/projects/Cartesius/web/cartesius.durandal/app/vendor/slim/slim/Slim/Slim.php(1251): Slim\Middleware\PrettyExceptions->call()
#11 /media/shared/projects/Cartesius/web/cartesius.durandal/public_html/index.php(185): Slim\Slim->run()
#12 {main}
